2025-01-08T11:08:23.265+05:30  INFO 17028 --- [restartedMain] com.neo.ProductApplication               : Starting ProductApplication using Java 17.0.10 with PID 17028 (C:\Users\Neosoft\Desktop\BusyBees\Category-Product-Review\target\classes started by Neosoft in C:\Users\Neosoft\Desktop\BusyBees\Category-Product-Review)
2025-01-08T11:08:23.273+05:30  INFO 17028 --- [restartedMain] com.neo.ProductApplication               : No active profile set, falling back to 1 default profile: "default"
2025-01-08T11:08:23.387+05:30  INFO 17028 --- [restartedMain] .e.DevToolsPropertyDefaultsPostProcessor : Devtools property defaults active! Set 'spring.devtools.add-properties' to 'false' to disable
2025-01-08T11:08:23.388+05:30  INFO 17028 --- [restartedMain] .e.DevToolsPropertyDefaultsPostProcessor : For additional web related logging consider setting the 'logging.level.web' property to 'DEBUG'
2025-01-08T11:08:25.300+05:30  INFO 17028 --- [restartedMain] .s.d.r.c.RepositoryConfigurationDelegate : Bootstrapping Spring Data JPA repositories in DEFAULT mode.
2025-01-08T11:08:25.390+05:30  INFO 17028 --- [restartedMain] .s.d.r.c.RepositoryConfigurationDelegate : Finished Spring Data repository scanning in 76 ms. Found 2 JPA repository interfaces.
2025-01-08T11:08:26.672+05:30  INFO 17028 --- [restartedMain] o.s.b.w.embedded.tomcat.TomcatWebServer  : Tomcat initialized with port 8080 (http)
2025-01-08T11:08:26.689+05:30  INFO 17028 --- [restartedMain] o.apache.catalina.core.StandardService   : Starting service [Tomcat]
2025-01-08T11:08:26.690+05:30  INFO 17028 --- [restartedMain] o.apache.catalina.core.StandardEngine    : Starting Servlet engine: [Apache Tomcat/10.1.16]
2025-01-08T11:08:26.800+05:30  INFO 17028 --- [restartedMain] o.a.c.c.C.[Tomcat].[localhost].[/]       : Initializing Spring embedded WebApplicationContext
2025-01-08T11:08:26.801+05:30  INFO 17028 --- [restartedMain] w.s.c.ServletWebServerApplicationContext : Root WebApplicationContext: initialization completed in 3412 ms
2025-01-08T11:08:27.037+05:30  INFO 17028 --- [restartedMain] com.zaxxer.hikari.HikariDataSource       : HikariPool-1 - Starting...
2025-01-08T11:08:27.237+05:30  INFO 17028 --- [restartedMain] com.zaxxer.hikari.pool.HikariPool        : HikariPool-1 - Added connection org.postgresql.jdbc.PgConnection@7c84a158
2025-01-08T11:08:27.240+05:30  INFO 17028 --- [restartedMain] com.zaxxer.hikari.HikariDataSource       : HikariPool-1 - Start completed.
2025-01-08T11:08:27.259+05:30  INFO 17028 --- [restartedMain] o.s.b.a.h2.H2ConsoleAutoConfiguration    : H2 console available at '/h2-console'. Database available at 'jdbc:postgresql://localhost:5432/Category-Products-Reviews'
2025-01-08T11:08:27.648+05:30  INFO 17028 --- [restartedMain] o.hibernate.jpa.internal.util.LogHelper  : HHH000204: Processing PersistenceUnitInfo [name: default]
2025-01-08T11:08:27.786+05:30  INFO 17028 --- [restartedMain] org.hibernate.Version                    : HHH000412: Hibernate ORM core version 6.3.1.Final
2025-01-08T11:08:27.871+05:30  INFO 17028 --- [restartedMain] o.h.c.internal.RegionFactoryInitiator    : HHH000026: Second-level cache disabled
2025-01-08T11:08:28.284+05:30  INFO 17028 --- [restartedMain] o.s.o.j.p.SpringPersistenceUnitInfo      : No LoadTimeWeaver setup: ignoring JPA class transformer
2025-01-08T11:08:28.402+05:30  WARN 17028 --- [restartedMain] org.hibernate.orm.deprecation            : HHH90000025: PostgreSQLDialect does not need to be specified explicitly using 'hibernate.dialect' (remove the property setting and it will be selected by default)
2025-01-08T11:08:29.826+05:30  INFO 17028 --- [restartedMain] o.h.e.t.j.p.i.JtaPlatformInitiator       : HHH000489: No JTA platform available (set 'hibernate.transaction.jta.platform' to enable JTA platform integration)
2025-01-08T11:08:29.989+05:30  INFO 17028 --- [restartedMain] j.LocalContainerEntityManagerFactoryBean : Initialized JPA EntityManagerFactory for persistence unit 'default'
2025-01-08T11:08:31.009+05:30  WARN 17028 --- [restartedMain] JpaBaseConfiguration$JpaWebConfiguration : spring.jpa.open-in-view is enabled by default. Therefore, database queries may be performed during view rendering. Explicitly configure spring.jpa.open-in-view to disable this warning
2025-01-08T11:08:33.416+05:30  INFO 17028 --- [restartedMain] org.quartz.impl.StdSchedulerFactory      : Using default implementation for ThreadExecutor
2025-01-08T11:08:33.444+05:30  INFO 17028 --- [restartedMain] org.quartz.core.SchedulerSignalerImpl    : Initialized Scheduler Signaller of type: class org.quartz.core.SchedulerSignalerImpl
2025-01-08T11:08:33.445+05:30  INFO 17028 --- [restartedMain] org.quartz.core.QuartzScheduler          : Quartz Scheduler v.2.3.2 created.
2025-01-08T11:08:33.447+05:30  INFO 17028 --- [restartedMain] org.quartz.simpl.RAMJobStore             : RAMJobStore initialized.
2025-01-08T11:08:33.449+05:30  INFO 17028 --- [restartedMain] org.quartz.core.QuartzScheduler          : Scheduler meta-data: Quartz Scheduler (v2.3.2) 'quartzScheduler' with instanceId 'NON_CLUSTERED'
  Scheduler class: 'org.quartz.core.QuartzScheduler' - running locally.
  NOT STARTED.
  Currently in standby mode.
  Number of jobs executed: 0
  Using thread pool 'org.quartz.simpl.SimpleThreadPool' - with 10 threads.
  Using job-store 'org.quartz.simpl.RAMJobStore' - which does not support persistence. and is not clustered.

2025-01-08T11:08:33.449+05:30  INFO 17028 --- [restartedMain] org.quartz.impl.StdSchedulerFactory      : Quartz scheduler 'quartzScheduler' initialized from an externally provided properties instance.
2025-01-08T11:08:33.450+05:30  INFO 17028 --- [restartedMain] org.quartz.impl.StdSchedulerFactory      : Quartz scheduler version: 2.3.2
2025-01-08T11:08:33.450+05:30  INFO 17028 --- [restartedMain] org.quartz.core.QuartzScheduler          : JobFactory set to: org.springframework.scheduling.quartz.SpringBeanJobFactory@1c47512
2025-01-08T11:08:34.084+05:30  INFO 17028 --- [restartedMain] o.s.b.d.a.OptionalLiveReloadServer       : LiveReload server is running on port 35729
2025-01-08T11:08:34.106+05:30  INFO 17028 --- [restartedMain] o.s.b.a.e.web.EndpointLinksResolver      : Exposing 1 endpoint(s) beneath base path '/actuator'
2025-01-08T11:08:34.262+05:30  INFO 17028 --- [restartedMain] o.s.b.w.embedded.tomcat.TomcatWebServer  : Tomcat started on port 8080 (http) with context path ''
2025-01-08T11:08:34.265+05:30  INFO 17028 --- [restartedMain] o.s.s.quartz.SchedulerFactoryBean        : Starting Quartz Scheduler now
2025-01-08T11:08:34.266+05:30  INFO 17028 --- [restartedMain] org.quartz.core.QuartzScheduler          : Scheduler quartzScheduler_$_NON_CLUSTERED started.
2025-01-08T11:08:34.293+05:30  INFO 17028 --- [restartedMain] com.neo.ProductApplication               : Started ProductApplication in 11.66 seconds (process running for 12.976)
2025-01-08T11:08:36.787+05:30  INFO 17028 --- [RMI TCP Connection(3)-127.0.0.1] o.a.c.c.C.[Tomcat].[localhost].[/]       : Initializing Spring DispatcherServlet 'dispatcherServlet'
2025-01-08T11:08:36.787+05:30  INFO 17028 --- [RMI TCP Connection(3)-127.0.0.1] o.s.web.servlet.DispatcherServlet        : Initializing Servlet 'dispatcherServlet'
2025-01-08T11:08:36.792+05:30  INFO 17028 --- [RMI TCP Connection(3)-127.0.0.1] o.s.web.servlet.DispatcherServlet        : Completed initialization in 5 ms
2025-01-08T11:16:34.697+05:30  WARN 17028 --- [http-nio-8080-exec-5] .m.m.a.ExceptionHandlerExceptionResolver : Resolved [org.springframework.web.bind.MethodArgumentNotValidException: Validation failed for argument [0] in public org.springframework.http.ResponseEntity<com.neo.dto.ApiResponse> com.neo.controller.extrafeatures.ExtraFeature.checkValidation(com.neo.dto.ValidationChecker) with 7 errors: [Field error in object 'validationChecker' on field 'notBlank': rejected value []; codes [NotBlank.validationChecker.notBlank,NotBlank.notBlank,NotBlank.java.lang.String,NotBlank]; arguments [org.springframework.context.support.DefaultMessageSourceResolvable: codes [validationChecker.notBlank,notBlank]; arguments []; default message [notBlank]]; default message [Can not be blank, null at least 1 non whitespace needed ]] [Field error in object 'validationChecker' on field 'size': rejected value [123456]; codes [Size.validationChecker.size,Size.size,Size.java.lang.String,Size]; arguments [org.springframework.context.support.DefaultMessageSourceResolvable: codes [validationChecker.size,size]; arguments []; default message [size],5,3]; default message [min 3 and max 5]] [Field error in object 'validationChecker' on field 'pastOrPresent': rejected value [2025-01-08T12:00]; codes [PastOrPresent.validationChecker.pastOrPresent,PastOrPresent.pastOrPresent,PastOrPresent.java.time.LocalDateTime,PastOrPresent]; arguments [org.springframework.context.support.DefaultMessageSourceResolvable: codes [validationChecker.pastOrPresent,pastOrPresent]; arguments []; default message [pastOrPresent]]; default message [must be a date in the past or in the present]] [Field error in object 'validationChecker' on field 'notNull': rejected value [null]; codes [NotNull.validationChecker.notNull,NotNull.notNull,NotNull.java.lang.String,NotNull]; arguments [org.springframework.context.support.DefaultMessageSourceResolvable: codes [validationChecker.notNull,notNull]; arguments []; default message [notNull]]; default message [Can not be null, Allowed -> Empty and 1 whitespace]] [Field error in object 'validationChecker' on field 'futureOrPresent': rejected value [2023-12-31T12:00]; codes [FutureOrPresent.validationChecker.futureOrPresent,FutureOrPresent.futureOrPresent,FutureOrPresent.java.time.LocalDateTime,FutureOrPresent]; arguments [org.springframework.context.support.DefaultMessageSourceResolvable: codes [validationChecker.futureOrPresent,futureOrPresent]; arguments []; default message [futureOrPresent]]; default message [must be a date in the present or in the future]] [Field error in object 'validationChecker' on field 'notEmpty': rejected value []; codes [NotEmpty.validationChecker.notEmpty,NotEmpty.notEmpty,NotEmpty.java.lang.String,NotEmpty]; arguments [org.springframework.context.support.DefaultMessageSourceResolvable: codes [validationChecker.notEmpty,notEmpty]; arguments []; default message [notEmpty]]; default message [Can not be Empty or blank at least 1 whitespace needed]] [Field error in object 'validationChecker' on field 'future': rejected value [2023-12-31T12:00]; codes [Future.validationChecker.future,Future.future,Future.java.time.LocalDateTime,Future]; arguments [org.springframework.context.support.DefaultMessageSourceResolvable: codes [validationChecker.future,future]; arguments []; default message [future]]; default message [must be a future date]] ]
2025-01-08T11:18:32.838+05:30  INFO 17028 --- [File Watcher] rtingClassPathChangeChangedEventListener : Restarting due to 1 class path change (0 additions, 0 deletions, 1 modification)
2025-01-08T11:18:32.845+05:30  INFO 17028 --- [Thread-5] org.quartz.core.QuartzScheduler          : Scheduler quartzScheduler_$_NON_CLUSTERED paused.
2025-01-08T11:18:32.866+05:30  INFO 17028 --- [Thread-5] o.s.s.quartz.SchedulerFactoryBean        : Shutting down Quartz Scheduler
2025-01-08T11:18:32.866+05:30  INFO 17028 --- [Thread-5] org.quartz.core.QuartzScheduler          : Scheduler quartzScheduler_$_NON_CLUSTERED shutting down.
2025-01-08T11:18:32.867+05:30  INFO 17028 --- [Thread-5] org.quartz.core.QuartzScheduler          : Scheduler quartzScheduler_$_NON_CLUSTERED paused.
2025-01-08T11:18:32.867+05:30  INFO 17028 --- [Thread-5] org.quartz.core.QuartzScheduler          : Scheduler quartzScheduler_$_NON_CLUSTERED shutdown complete.
2025-01-08T11:18:32.871+05:30  INFO 17028 --- [Thread-5] j.LocalContainerEntityManagerFactoryBean : Closing JPA EntityManagerFactory for persistence unit 'default'
2025-01-08T11:18:32.875+05:30  INFO 17028 --- [Thread-5] com.zaxxer.hikari.HikariDataSource       : HikariPool-1 - Shutdown initiated...
2025-01-08T11:18:32.885+05:30  INFO 17028 --- [Thread-5] com.zaxxer.hikari.HikariDataSource       : HikariPool-1 - Shutdown completed.
2025-01-08T11:18:33.034+05:30  INFO 17028 --- [restartedMain] com.neo.ProductApplication               : Starting ProductApplication using Java 17.0.10 with PID 17028 (C:\Users\Neosoft\Desktop\BusyBees\Category-Product-Review\target\classes started by Neosoft in C:\Users\Neosoft\Desktop\BusyBees\Category-Product-Review)
2025-01-08T11:18:33.035+05:30  INFO 17028 --- [restartedMain] com.neo.ProductApplication               : No active profile set, falling back to 1 default profile: "default"
2025-01-08T11:18:33.590+05:30  INFO 17028 --- [restartedMain] .s.d.r.c.RepositoryConfigurationDelegate : Bootstrapping Spring Data JPA repositories in DEFAULT mode.
2025-01-08T11:18:33.609+05:30  INFO 17028 --- [restartedMain] .s.d.r.c.RepositoryConfigurationDelegate : Finished Spring Data repository scanning in 18 ms. Found 2 JPA repository interfaces.
2025-01-08T11:18:34.144+05:30  INFO 17028 --- [restartedMain] o.s.b.w.embedded.tomcat.TomcatWebServer  : Tomcat initialized with port 8080 (http)
2025-01-08T11:18:34.145+05:30  INFO 17028 --- [restartedMain] o.apache.catalina.core.StandardService   : Starting service [Tomcat]
2025-01-08T11:18:34.146+05:30  INFO 17028 --- [restartedMain] o.apache.catalina.core.StandardEngine    : Starting Servlet engine: [Apache Tomcat/10.1.16]
2025-01-08T11:18:34.185+05:30  INFO 17028 --- [restartedMain] o.a.c.c.C.[Tomcat].[localhost].[/]       : Initializing Spring embedded WebApplicationContext
2025-01-08T11:18:34.185+05:30  INFO 17028 --- [restartedMain] w.s.c.ServletWebServerApplicationContext : Root WebApplicationContext: initialization completed in 1147 ms
2025-01-08T11:18:34.339+05:30  INFO 17028 --- [restartedMain] com.zaxxer.hikari.HikariDataSource       : HikariPool-2 - Starting...
2025-01-08T11:18:34.387+05:30  INFO 17028 --- [restartedMain] com.zaxxer.hikari.pool.HikariPool        : HikariPool-2 - Added connection org.postgresql.jdbc.PgConnection@6d583622
2025-01-08T11:18:34.388+05:30  INFO 17028 --- [restartedMain] com.zaxxer.hikari.HikariDataSource       : HikariPool-2 - Start completed.
2025-01-08T11:18:34.388+05:30  INFO 17028 --- [restartedMain] o.s.b.a.h2.H2ConsoleAutoConfiguration    : H2 console available at '/h2-console'. Database available at 'jdbc:postgresql://localhost:5432/Category-Products-Reviews'
2025-01-08T11:18:34.525+05:30  INFO 17028 --- [restartedMain] o.hibernate.jpa.internal.util.LogHelper  : HHH000204: Processing PersistenceUnitInfo [name: default]
2025-01-08T11:18:34.532+05:30  INFO 17028 --- [restartedMain] o.h.c.internal.RegionFactoryInitiator    : HHH000026: Second-level cache disabled
2025-01-08T11:18:34.544+05:30  INFO 17028 --- [restartedMain] o.s.o.j.p.SpringPersistenceUnitInfo      : No LoadTimeWeaver setup: ignoring JPA class transformer
2025-01-08T11:18:34.556+05:30  WARN 17028 --- [restartedMain] org.hibernate.orm.deprecation            : HHH90000025: PostgreSQLDialect does not need to be specified explicitly using 'hibernate.dialect' (remove the property setting and it will be selected by default)
2025-01-08T11:18:34.683+05:30  INFO 17028 --- [restartedMain] o.h.e.t.j.p.i.JtaPlatformInitiator       : HHH000489: No JTA platform available (set 'hibernate.transaction.jta.platform' to enable JTA platform integration)
2025-01-08T11:18:34.775+05:30  INFO 17028 --- [restartedMain] j.LocalContainerEntityManagerFactoryBean : Initialized JPA EntityManagerFactory for persistence unit 'default'
2025-01-08T11:18:35.260+05:30  WARN 17028 --- [restartedMain] JpaBaseConfiguration$JpaWebConfiguration : spring.jpa.open-in-view is enabled by default. Therefore, database queries may be performed during view rendering. Explicitly configure spring.jpa.open-in-view to disable this warning
2025-01-08T11:18:36.651+05:30  INFO 17028 --- [restartedMain] org.quartz.impl.StdSchedulerFactory      : Using default implementation for ThreadExecutor
2025-01-08T11:18:36.653+05:30  INFO 17028 --- [restartedMain] org.quartz.core.SchedulerSignalerImpl    : Initialized Scheduler Signaller of type: class org.quartz.core.SchedulerSignalerImpl
2025-01-08T11:18:36.653+05:30  INFO 17028 --- [restartedMain] org.quartz.core.QuartzScheduler          : Quartz Scheduler v.2.3.2 created.
2025-01-08T11:18:36.653+05:30  INFO 17028 --- [restartedMain] org.quartz.simpl.RAMJobStore             : RAMJobStore initialized.
2025-01-08T11:18:36.653+05:30  INFO 17028 --- [restartedMain] org.quartz.core.QuartzScheduler          : Scheduler meta-data: Quartz Scheduler (v2.3.2) 'quartzScheduler' with instanceId 'NON_CLUSTERED'
  Scheduler class: 'org.quartz.core.QuartzScheduler' - running locally.
  NOT STARTED.
  Currently in standby mode.
  Number of jobs executed: 0
  Using thread pool 'org.quartz.simpl.SimpleThreadPool' - with 10 threads.
  Using job-store 'org.quartz.simpl.RAMJobStore' - which does not support persistence. and is not clustered.

2025-01-08T11:18:36.653+05:30  INFO 17028 --- [restartedMain] org.quartz.impl.StdSchedulerFactory      : Quartz scheduler 'quartzScheduler' initialized from an externally provided properties instance.
2025-01-08T11:18:36.653+05:30  INFO 17028 --- [restartedMain] org.quartz.impl.StdSchedulerFactory      : Quartz scheduler version: 2.3.2
2025-01-08T11:18:36.654+05:30  INFO 17028 --- [restartedMain] org.quartz.core.QuartzScheduler          : JobFactory set to: org.springframework.scheduling.quartz.SpringBeanJobFactory@3143ed49
2025-01-08T11:18:36.986+05:30  INFO 17028 --- [restartedMain] o.s.b.d.a.OptionalLiveReloadServer       : LiveReload server is running on port 35729
2025-01-08T11:18:36.997+05:30  INFO 17028 --- [restartedMain] o.s.b.a.e.web.EndpointLinksResolver      : Exposing 1 endpoint(s) beneath base path '/actuator'
2025-01-08T11:18:37.037+05:30  INFO 17028 --- [restartedMain] o.s.b.w.embedded.tomcat.TomcatWebServer  : Tomcat started on port 8080 (http) with context path ''
2025-01-08T11:18:37.038+05:30  INFO 17028 --- [restartedMain] o.s.s.quartz.SchedulerFactoryBean        : Starting Quartz Scheduler now
2025-01-08T11:18:37.038+05:30  INFO 17028 --- [restartedMain] org.quartz.core.QuartzScheduler          : Scheduler quartzScheduler_$_NON_CLUSTERED started.
2025-01-08T11:18:37.053+05:30  INFO 17028 --- [restartedMain] com.neo.ProductApplication               : Started ProductApplication in 4.057 seconds (process running for 615.736)
2025-01-08T11:18:37.060+05:30  INFO 17028 --- [restartedMain] .ConditionEvaluationDeltaLoggingListener : Condition evaluation unchanged
2025-01-08T11:19:14.445+05:30  INFO 17028 --- [File Watcher] rtingClassPathChangeChangedEventListener : Restarting due to 1 class path change (0 additions, 0 deletions, 1 modification)
2025-01-08T11:19:14.450+05:30  INFO 17028 --- [Thread-7] org.quartz.core.QuartzScheduler          : Scheduler quartzScheduler_$_NON_CLUSTERED paused.
2025-01-08T11:19:14.477+05:30  INFO 17028 --- [Thread-7] o.s.s.quartz.SchedulerFactoryBean        : Shutting down Quartz Scheduler
2025-01-08T11:19:14.480+05:30  INFO 17028 --- [Thread-7] org.quartz.core.QuartzScheduler          : Scheduler quartzScheduler_$_NON_CLUSTERED shutting down.
2025-01-08T11:19:14.480+05:30  INFO 17028 --- [Thread-7] org.quartz.core.QuartzScheduler          : Scheduler quartzScheduler_$_NON_CLUSTERED paused.
2025-01-08T11:19:14.481+05:30  INFO 17028 --- [Thread-7] org.quartz.core.QuartzScheduler          : Scheduler quartzScheduler_$_NON_CLUSTERED shutdown complete.
2025-01-08T11:19:14.484+05:30  INFO 17028 --- [Thread-7] j.LocalContainerEntityManagerFactoryBean : Closing JPA EntityManagerFactory for persistence unit 'default'
2025-01-08T11:19:14.486+05:30  INFO 17028 --- [Thread-7] com.zaxxer.hikari.HikariDataSource       : HikariPool-2 - Shutdown initiated...
2025-01-08T11:19:14.501+05:30  INFO 17028 --- [Thread-7] com.zaxxer.hikari.HikariDataSource       : HikariPool-2 - Shutdown completed.
2025-01-08T11:19:14.741+05:30  INFO 17028 --- [restartedMain] com.neo.ProductApplication               : Starting ProductApplication using Java 17.0.10 with PID 17028 (C:\Users\Neosoft\Desktop\BusyBees\Category-Product-Review\target\classes started by Neosoft in C:\Users\Neosoft\Desktop\BusyBees\Category-Product-Review)
2025-01-08T11:19:14.744+05:30  INFO 17028 --- [restartedMain] com.neo.ProductApplication               : No active profile set, falling back to 1 default profile: "default"
2025-01-08T11:19:15.222+05:30  INFO 17028 --- [restartedMain] .s.d.r.c.RepositoryConfigurationDelegate : Bootstrapping Spring Data JPA repositories in DEFAULT mode.
2025-01-08T11:19:15.235+05:30  INFO 17028 --- [restartedMain] .s.d.r.c.RepositoryConfigurationDelegate : Finished Spring Data repository scanning in 12 ms. Found 2 JPA repository interfaces.
2025-01-08T11:19:15.458+05:30  INFO 17028 --- [restartedMain] o.s.b.w.embedded.tomcat.TomcatWebServer  : Tomcat initialized with port 8080 (http)
2025-01-08T11:19:15.459+05:30  INFO 17028 --- [restartedMain] o.apache.catalina.core.StandardService   : Starting service [Tomcat]
2025-01-08T11:19:15.460+05:30  INFO 17028 --- [restartedMain] o.apache.catalina.core.StandardEngine    : Starting Servlet engine: [Apache Tomcat/10.1.16]
2025-01-08T11:19:15.492+05:30  INFO 17028 --- [restartedMain] o.a.c.c.C.[Tomcat].[localhost].[/]       : Initializing Spring embedded WebApplicationContext
2025-01-08T11:19:15.493+05:30  INFO 17028 --- [restartedMain] w.s.c.ServletWebServerApplicationContext : Root WebApplicationContext: initialization completed in 745 ms
2025-01-08T11:19:15.605+05:30  INFO 17028 --- [restartedMain] com.zaxxer.hikari.HikariDataSource       : HikariPool-3 - Starting...
2025-01-08T11:19:15.656+05:30  INFO 17028 --- [restartedMain] com.zaxxer.hikari.pool.HikariPool        : HikariPool-3 - Added connection org.postgresql.jdbc.PgConnection@5786eee8
2025-01-08T11:19:15.657+05:30  INFO 17028 --- [restartedMain] com.zaxxer.hikari.HikariDataSource       : HikariPool-3 - Start completed.
2025-01-08T11:19:15.657+05:30  INFO 17028 --- [restartedMain] o.s.b.a.h2.H2ConsoleAutoConfiguration    : H2 console available at '/h2-console'. Database available at 'jdbc:postgresql://localhost:5432/Category-Products-Reviews'
2025-01-08T11:19:15.843+05:30  INFO 17028 --- [restartedMain] o.hibernate.jpa.internal.util.LogHelper  : HHH000204: Processing PersistenceUnitInfo [name: default]
2025-01-08T11:19:15.854+05:30  INFO 17028 --- [restartedMain] o.h.c.internal.RegionFactoryInitiator    : HHH000026: Second-level cache disabled
2025-01-08T11:19:15.867+05:30  INFO 17028 --- [restartedMain] o.s.o.j.p.SpringPersistenceUnitInfo      : No LoadTimeWeaver setup: ignoring JPA class transformer
2025-01-08T11:19:15.884+05:30  WARN 17028 --- [restartedMain] org.hibernate.orm.deprecation            : HHH90000025: PostgreSQLDialect does not need to be specified explicitly using 'hibernate.dialect' (remove the property setting and it will be selected by default)
2025-01-08T11:19:16.079+05:30  INFO 17028 --- [restartedMain] o.h.e.t.j.p.i.JtaPlatformInitiator       : HHH000489: No JTA platform available (set 'hibernate.transaction.jta.platform' to enable JTA platform integration)
2025-01-08T11:19:16.190+05:30  INFO 17028 --- [restartedMain] j.LocalContainerEntityManagerFactoryBean : Initialized JPA EntityManagerFactory for persistence unit 'default'
2025-01-08T11:19:17.086+05:30  WARN 17028 --- [restartedMain] JpaBaseConfiguration$JpaWebConfiguration : spring.jpa.open-in-view is enabled by default. Therefore, database queries may be performed during view rendering. Explicitly configure spring.jpa.open-in-view to disable this warning
2025-01-08T11:19:18.323+05:30  INFO 17028 --- [restartedMain] org.quartz.impl.StdSchedulerFactory      : Using default implementation for ThreadExecutor
2025-01-08T11:19:18.325+05:30  INFO 17028 --- [restartedMain] org.quartz.core.SchedulerSignalerImpl    : Initialized Scheduler Signaller of type: class org.quartz.core.SchedulerSignalerImpl
2025-01-08T11:19:18.325+05:30  INFO 17028 --- [restartedMain] org.quartz.core.QuartzScheduler          : Quartz Scheduler v.2.3.2 created.
2025-01-08T11:19:18.326+05:30  INFO 17028 --- [restartedMain] org.quartz.simpl.RAMJobStore             : RAMJobStore initialized.
2025-01-08T11:19:18.326+05:30  INFO 17028 --- [restartedMain] org.quartz.core.QuartzScheduler          : Scheduler meta-data: Quartz Scheduler (v2.3.2) 'quartzScheduler' with instanceId 'NON_CLUSTERED'
  Scheduler class: 'org.quartz.core.QuartzScheduler' - running locally.
  NOT STARTED.
  Currently in standby mode.
  Number of jobs executed: 0
  Using thread pool 'org.quartz.simpl.SimpleThreadPool' - with 10 threads.
  Using job-store 'org.quartz.simpl.RAMJobStore' - which does not support persistence. and is not clustered.

2025-01-08T11:19:18.326+05:30  INFO 17028 --- [restartedMain] org.quartz.impl.StdSchedulerFactory      : Quartz scheduler 'quartzScheduler' initialized from an externally provided properties instance.
2025-01-08T11:19:18.326+05:30  INFO 17028 --- [restartedMain] org.quartz.impl.StdSchedulerFactory      : Quartz scheduler version: 2.3.2
2025-01-08T11:19:18.326+05:30  INFO 17028 --- [restartedMain] org.quartz.core.QuartzScheduler          : JobFactory set to: org.springframework.scheduling.quartz.SpringBeanJobFactory@493a154f
2025-01-08T11:19:18.640+05:30  INFO 17028 --- [restartedMain] o.s.b.d.a.OptionalLiveReloadServer       : LiveReload server is running on port 35729
2025-01-08T11:19:18.651+05:30  INFO 17028 --- [restartedMain] o.s.b.a.e.web.EndpointLinksResolver      : Exposing 1 endpoint(s) beneath base path '/actuator'
2025-01-08T11:19:18.693+05:30  INFO 17028 --- [restartedMain] o.s.b.w.embedded.tomcat.TomcatWebServer  : Tomcat started on port 8080 (http) with context path ''
2025-01-08T11:19:18.693+05:30  INFO 17028 --- [restartedMain] o.s.s.quartz.SchedulerFactoryBean        : Starting Quartz Scheduler now
2025-01-08T11:19:18.693+05:30  INFO 17028 --- [restartedMain] org.quartz.core.QuartzScheduler          : Scheduler quartzScheduler_$_NON_CLUSTERED started.
2025-01-08T11:19:18.707+05:30  INFO 17028 --- [restartedMain] com.neo.ProductApplication               : Started ProductApplication in 4.014 seconds (process running for 657.391)
2025-01-08T11:19:18.712+05:30  INFO 17028 --- [restartedMain] .ConditionEvaluationDeltaLoggingListener : Condition evaluation unchanged
2025-01-08T11:21:06.834+05:30  INFO 17028 --- [http-nio-8080-exec-2] o.a.c.c.C.[Tomcat].[localhost].[/]       : Initializing Spring DispatcherServlet 'dispatcherServlet'
2025-01-08T11:21:06.835+05:30  INFO 17028 --- [http-nio-8080-exec-2] o.s.web.servlet.DispatcherServlet        : Initializing Servlet 'dispatcherServlet'
2025-01-08T11:21:06.839+05:30  INFO 17028 --- [http-nio-8080-exec-2] o.s.web.servlet.DispatcherServlet        : Completed initialization in 4 ms
2025-01-08T11:26:41.340+05:30  INFO 17028 --- [File Watcher] rtingClassPathChangeChangedEventListener : Restarting due to 1 class path change (1 addition, 0 deletions, 0 modifications)
2025-01-08T11:26:41.342+05:30  INFO 17028 --- [Thread-11] org.quartz.core.QuartzScheduler          : Scheduler quartzScheduler_$_NON_CLUSTERED paused.
2025-01-08T11:26:41.355+05:30  INFO 17028 --- [Thread-11] o.s.s.quartz.SchedulerFactoryBean        : Shutting down Quartz Scheduler
2025-01-08T11:26:41.355+05:30  INFO 17028 --- [Thread-11] org.quartz.core.QuartzScheduler          : Scheduler quartzScheduler_$_NON_CLUSTERED shutting down.
2025-01-08T11:26:41.355+05:30  INFO 17028 --- [Thread-11] org.quartz.core.QuartzScheduler          : Scheduler quartzScheduler_$_NON_CLUSTERED paused.
2025-01-08T11:26:41.355+05:30  INFO 17028 --- [Thread-11] org.quartz.core.QuartzScheduler          : Scheduler quartzScheduler_$_NON_CLUSTERED shutdown complete.
2025-01-08T11:26:41.356+05:30  INFO 17028 --- [Thread-11] j.LocalContainerEntityManagerFactoryBean : Closing JPA EntityManagerFactory for persistence unit 'default'
2025-01-08T11:26:41.359+05:30  INFO 17028 --- [Thread-11] com.zaxxer.hikari.HikariDataSource       : HikariPool-3 - Shutdown initiated...
2025-01-08T11:26:41.375+05:30  INFO 17028 --- [Thread-11] com.zaxxer.hikari.HikariDataSource       : HikariPool-3 - Shutdown completed.
2025-01-08T11:26:41.652+05:30  INFO 17028 --- [restartedMain] com.neo.ProductApplication               : Starting ProductApplication using Java 17.0.10 with PID 17028 (C:\Users\Neosoft\Desktop\BusyBees\Category-Product-Review\target\classes started by Neosoft in C:\Users\Neosoft\Desktop\BusyBees\Category-Product-Review)
2025-01-08T11:26:41.652+05:30  INFO 17028 --- [restartedMain] com.neo.ProductApplication               : No active profile set, falling back to 1 default profile: "default"
2025-01-08T11:26:42.112+05:30  INFO 17028 --- [restartedMain] .s.d.r.c.RepositoryConfigurationDelegate : Bootstrapping Spring Data JPA repositories in DEFAULT mode.
2025-01-08T11:26:42.124+05:30  INFO 17028 --- [restartedMain] .s.d.r.c.RepositoryConfigurationDelegate : Finished Spring Data repository scanning in 12 ms. Found 2 JPA repository interfaces.
2025-01-08T11:26:42.344+05:30  INFO 17028 --- [restartedMain] o.s.b.w.embedded.tomcat.TomcatWebServer  : Tomcat initialized with port 8080 (http)
2025-01-08T11:26:42.345+05:30  INFO 17028 --- [restartedMain] o.apache.catalina.core.StandardService   : Starting service [Tomcat]
2025-01-08T11:26:42.346+05:30  INFO 17028 --- [restartedMain] o.apache.catalina.core.StandardEngine    : Starting Servlet engine: [Apache Tomcat/10.1.16]
2025-01-08T11:26:42.382+05:30  INFO 17028 --- [restartedMain] o.a.c.c.C.[Tomcat].[localhost].[/]       : Initializing Spring embedded WebApplicationContext
2025-01-08T11:26:42.383+05:30  INFO 17028 --- [restartedMain] w.s.c.ServletWebServerApplicationContext : Root WebApplicationContext: initialization completed in 726 ms
2025-01-08T11:26:42.599+05:30  INFO 17028 --- [restartedMain] com.zaxxer.hikari.HikariDataSource       : HikariPool-4 - Starting...
2025-01-08T11:26:42.690+05:30  INFO 17028 --- [restartedMain] com.zaxxer.hikari.pool.HikariPool        : HikariPool-4 - Added connection org.postgresql.jdbc.PgConnection@4c2a6247
2025-01-08T11:26:42.691+05:30  INFO 17028 --- [restartedMain] com.zaxxer.hikari.HikariDataSource       : HikariPool-4 - Start completed.
2025-01-08T11:26:42.691+05:30  INFO 17028 --- [restartedMain] o.s.b.a.h2.H2ConsoleAutoConfiguration    : H2 console available at '/h2-console'. Database available at 'jdbc:postgresql://localhost:5432/Category-Products-Reviews'
2025-01-08T11:26:42.830+05:30  INFO 17028 --- [restartedMain] o.hibernate.jpa.internal.util.LogHelper  : HHH000204: Processing PersistenceUnitInfo [name: default]
2025-01-08T11:26:42.839+05:30  INFO 17028 --- [restartedMain] o.h.c.internal.RegionFactoryInitiator    : HHH000026: Second-level cache disabled
2025-01-08T11:26:42.849+05:30  INFO 17028 --- [restartedMain] o.s.o.j.p.SpringPersistenceUnitInfo      : No LoadTimeWeaver setup: ignoring JPA class transformer
2025-01-08T11:26:42.867+05:30  WARN 17028 --- [restartedMain] org.hibernate.orm.deprecation            : HHH90000025: PostgreSQLDialect does not need to be specified explicitly using 'hibernate.dialect' (remove the property setting and it will be selected by default)
2025-01-08T11:26:42.981+05:30  INFO 17028 --- [restartedMain] o.h.e.t.j.p.i.JtaPlatformInitiator       : HHH000489: No JTA platform available (set 'hibernate.transaction.jta.platform' to enable JTA platform integration)
2025-01-08T11:26:43.066+05:30  INFO 17028 --- [restartedMain] j.LocalContainerEntityManagerFactoryBean : Initialized JPA EntityManagerFactory for persistence unit 'default'
2025-01-08T11:26:43.584+05:30  WARN 17028 --- [restartedMain] JpaBaseConfiguration$JpaWebConfiguration : spring.jpa.open-in-view is enabled by default. Therefore, database queries may be performed during view rendering. Explicitly configure spring.jpa.open-in-view to disable this warning
2025-01-08T11:26:44.897+05:30  INFO 17028 --- [restartedMain] org.quartz.impl.StdSchedulerFactory      : Using default implementation for ThreadExecutor
2025-01-08T11:26:44.900+05:30  INFO 17028 --- [restartedMain] org.quartz.core.SchedulerSignalerImpl    : Initialized Scheduler Signaller of type: class org.quartz.core.SchedulerSignalerImpl
2025-01-08T11:26:44.901+05:30  INFO 17028 --- [restartedMain] org.quartz.core.QuartzScheduler          : Quartz Scheduler v.2.3.2 created.
2025-01-08T11:26:44.901+05:30  INFO 17028 --- [restartedMain] org.quartz.simpl.RAMJobStore             : RAMJobStore initialized.
2025-01-08T11:26:44.901+05:30  INFO 17028 --- [restartedMain] org.quartz.core.QuartzScheduler          : Scheduler meta-data: Quartz Scheduler (v2.3.2) 'quartzScheduler' with instanceId 'NON_CLUSTERED'
  Scheduler class: 'org.quartz.core.QuartzScheduler' - running locally.
  NOT STARTED.
  Currently in standby mode.
  Number of jobs executed: 0
  Using thread pool 'org.quartz.simpl.SimpleThreadPool' - with 10 threads.
  Using job-store 'org.quartz.simpl.RAMJobStore' - which does not support persistence. and is not clustered.

2025-01-08T11:26:44.901+05:30  INFO 17028 --- [restartedMain] org.quartz.impl.StdSchedulerFactory      : Quartz scheduler 'quartzScheduler' initialized from an externally provided properties instance.
2025-01-08T11:26:44.901+05:30  INFO 17028 --- [restartedMain] org.quartz.impl.StdSchedulerFactory      : Quartz scheduler version: 2.3.2
2025-01-08T11:26:44.901+05:30  INFO 17028 --- [restartedMain] org.quartz.core.QuartzScheduler          : JobFactory set to: org.springframework.scheduling.quartz.SpringBeanJobFactory@667f6bd
2025-01-08T11:26:45.270+05:30  INFO 17028 --- [restartedMain] o.s.b.d.a.OptionalLiveReloadServer       : LiveReload server is running on port 35729
2025-01-08T11:26:45.281+05:30  INFO 17028 --- [restartedMain] o.s.b.a.e.web.EndpointLinksResolver      : Exposing 1 endpoint(s) beneath base path '/actuator'
2025-01-08T11:26:45.327+05:30  INFO 17028 --- [restartedMain] o.s.b.w.embedded.tomcat.TomcatWebServer  : Tomcat started on port 8080 (http) with context path ''
2025-01-08T11:26:45.327+05:30  INFO 17028 --- [restartedMain] o.s.s.quartz.SchedulerFactoryBean        : Starting Quartz Scheduler now
2025-01-08T11:26:45.327+05:30  INFO 17028 --- [restartedMain] org.quartz.core.QuartzScheduler          : Scheduler quartzScheduler_$_NON_CLUSTERED started.
2025-01-08T11:26:45.341+05:30  INFO 17028 --- [restartedMain] com.neo.ProductApplication               : Started ProductApplication in 3.822 seconds (process running for 1104.025)
2025-01-08T11:26:45.345+05:30  INFO 17028 --- [restartedMain] .ConditionEvaluationDeltaLoggingListener : Condition evaluation unchanged
2025-01-08T11:26:50.816+05:30  INFO 17028 --- [File Watcher] rtingClassPathChangeChangedEventListener : Restarting due to 1 class path change (0 additions, 0 deletions, 1 modification)
2025-01-08T11:26:50.824+05:30  INFO 17028 --- [Thread-15] org.quartz.core.QuartzScheduler          : Scheduler quartzScheduler_$_NON_CLUSTERED paused.
2025-01-08T11:26:50.866+05:30  INFO 17028 --- [Thread-15] o.s.s.quartz.SchedulerFactoryBean        : Shutting down Quartz Scheduler
2025-01-08T11:26:50.867+05:30  INFO 17028 --- [Thread-15] org.quartz.core.QuartzScheduler          : Scheduler quartzScheduler_$_NON_CLUSTERED shutting down.
2025-01-08T11:26:50.867+05:30  INFO 17028 --- [Thread-15] org.quartz.core.QuartzScheduler          : Scheduler quartzScheduler_$_NON_CLUSTERED paused.
2025-01-08T11:26:50.867+05:30  INFO 17028 --- [Thread-15] org.quartz.core.QuartzScheduler          : Scheduler quartzScheduler_$_NON_CLUSTERED shutdown complete.
2025-01-08T11:26:50.870+05:30  INFO 17028 --- [Thread-15] j.LocalContainerEntityManagerFactoryBean : Closing JPA EntityManagerFactory for persistence unit 'default'
2025-01-08T11:26:50.871+05:30  INFO 17028 --- [Thread-15] com.zaxxer.hikari.HikariDataSource       : HikariPool-4 - Shutdown initiated...
2025-01-08T11:26:50.879+05:30  INFO 17028 --- [Thread-15] com.zaxxer.hikari.HikariDataSource       : HikariPool-4 - Shutdown completed.
2025-01-08T11:26:50.989+05:30  INFO 17028 --- [restartedMain] com.neo.ProductApplication               : Starting ProductApplication using Java 17.0.10 with PID 17028 (C:\Users\Neosoft\Desktop\BusyBees\Category-Product-Review\target\classes started by Neosoft in C:\Users\Neosoft\Desktop\BusyBees\Category-Product-Review)
2025-01-08T11:26:50.990+05:30  INFO 17028 --- [restartedMain] com.neo.ProductApplication               : No active profile set, falling back to 1 default profile: "default"
2025-01-08T11:26:51.426+05:30  INFO 17028 --- [restartedMain] .s.d.r.c.RepositoryConfigurationDelegate : Bootstrapping Spring Data JPA repositories in DEFAULT mode.
2025-01-08T11:26:51.439+05:30  INFO 17028 --- [restartedMain] .s.d.r.c.RepositoryConfigurationDelegate : Finished Spring Data repository scanning in 13 ms. Found 2 JPA repository interfaces.
2025-01-08T11:26:51.662+05:30  INFO 17028 --- [restartedMain] o.s.b.w.embedded.tomcat.TomcatWebServer  : Tomcat initialized with port 8080 (http)
2025-01-08T11:26:51.663+05:30  INFO 17028 --- [restartedMain] o.apache.catalina.core.StandardService   : Starting service [Tomcat]
2025-01-08T11:26:51.663+05:30  INFO 17028 --- [restartedMain] o.apache.catalina.core.StandardEngine    : Starting Servlet engine: [Apache Tomcat/10.1.16]
2025-01-08T11:26:51.698+05:30  INFO 17028 --- [restartedMain] o.a.c.c.C.[Tomcat].[localhost].[/]       : Initializing Spring embedded WebApplicationContext
2025-01-08T11:26:51.698+05:30  INFO 17028 --- [restartedMain] w.s.c.ServletWebServerApplicationContext : Root WebApplicationContext: initialization completed in 705 ms
2025-01-08T11:26:51.812+05:30  INFO 17028 --- [restartedMain] com.zaxxer.hikari.HikariDataSource       : HikariPool-5 - Starting...
2025-01-08T11:26:51.862+05:30  INFO 17028 --- [restartedMain] com.zaxxer.hikari.pool.HikariPool        : HikariPool-5 - Added connection org.postgresql.jdbc.PgConnection@193168de
2025-01-08T11:26:51.862+05:30  INFO 17028 --- [restartedMain] com.zaxxer.hikari.HikariDataSource       : HikariPool-5 - Start completed.
2025-01-08T11:26:51.862+05:30  INFO 17028 --- [restartedMain] o.s.b.a.h2.H2ConsoleAutoConfiguration    : H2 console available at '/h2-console'. Database available at 'jdbc:postgresql://localhost:5432/Category-Products-Reviews'
2025-01-08T11:26:51.993+05:30  INFO 17028 --- [restartedMain] o.hibernate.jpa.internal.util.LogHelper  : HHH000204: Processing PersistenceUnitInfo [name: default]
2025-01-08T11:26:52.000+05:30  INFO 17028 --- [restartedMain] o.h.c.internal.RegionFactoryInitiator    : HHH000026: Second-level cache disabled
2025-01-08T11:26:52.010+05:30  INFO 17028 --- [restartedMain] o.s.o.j.p.SpringPersistenceUnitInfo      : No LoadTimeWeaver setup: ignoring JPA class transformer
2025-01-08T11:26:52.020+05:30  WARN 17028 --- [restartedMain] org.hibernate.orm.deprecation            : HHH90000025: PostgreSQLDialect does not need to be specified explicitly using 'hibernate.dialect' (remove the property setting and it will be selected by default)
2025-01-08T11:26:52.123+05:30  INFO 17028 --- [restartedMain] o.h.e.t.j.p.i.JtaPlatformInitiator       : HHH000489: No JTA platform available (set 'hibernate.transaction.jta.platform' to enable JTA platform integration)
2025-01-08T11:26:52.207+05:30  INFO 17028 --- [restartedMain] j.LocalContainerEntityManagerFactoryBean : Initialized JPA EntityManagerFactory for persistence unit 'default'
2025-01-08T11:26:52.669+05:30  WARN 17028 --- [restartedMain] JpaBaseConfiguration$JpaWebConfiguration : spring.jpa.open-in-view is enabled by default. Therefore, database queries may be performed during view rendering. Explicitly configure spring.jpa.open-in-view to disable this warning
2025-01-08T11:26:53.974+05:30  INFO 17028 --- [restartedMain] org.quartz.impl.StdSchedulerFactory      : Using default implementation for ThreadExecutor
2025-01-08T11:26:53.975+05:30  INFO 17028 --- [restartedMain] org.quartz.core.SchedulerSignalerImpl    : Initialized Scheduler Signaller of type: class org.quartz.core.SchedulerSignalerImpl
2025-01-08T11:26:53.975+05:30  INFO 17028 --- [restartedMain] org.quartz.core.QuartzScheduler          : Quartz Scheduler v.2.3.2 created.
2025-01-08T11:26:53.976+05:30  INFO 17028 --- [restartedMain] org.quartz.simpl.RAMJobStore             : RAMJobStore initialized.
2025-01-08T11:26:53.976+05:30  INFO 17028 --- [restartedMain] org.quartz.core.QuartzScheduler          : Scheduler meta-data: Quartz Scheduler (v2.3.2) 'quartzScheduler' with instanceId 'NON_CLUSTERED'
  Scheduler class: 'org.quartz.core.QuartzScheduler' - running locally.
  NOT STARTED.
  Currently in standby mode.
  Number of jobs executed: 0
  Using thread pool 'org.quartz.simpl.SimpleThreadPool' - with 10 threads.
  Using job-store 'org.quartz.simpl.RAMJobStore' - which does not support persistence. and is not clustered.

2025-01-08T11:26:53.976+05:30  INFO 17028 --- [restartedMain] org.quartz.impl.StdSchedulerFactory      : Quartz scheduler 'quartzScheduler' initialized from an externally provided properties instance.
2025-01-08T11:26:53.978+05:30  INFO 17028 --- [restartedMain] org.quartz.impl.StdSchedulerFactory      : Quartz scheduler version: 2.3.2
2025-01-08T11:26:53.978+05:30  INFO 17028 --- [restartedMain] org.quartz.core.QuartzScheduler          : JobFactory set to: org.springframework.scheduling.quartz.SpringBeanJobFactory@2a2c2e5
2025-01-08T11:26:54.437+05:30  INFO 17028 --- [restartedMain] o.s.b.d.a.OptionalLiveReloadServer       : LiveReload server is running on port 35729
2025-01-08T11:26:54.448+05:30  INFO 17028 --- [restartedMain] o.s.b.a.e.web.EndpointLinksResolver      : Exposing 1 endpoint(s) beneath base path '/actuator'
2025-01-08T11:26:54.490+05:30  INFO 17028 --- [restartedMain] o.s.b.w.embedded.tomcat.TomcatWebServer  : Tomcat started on port 8080 (http) with context path ''
2025-01-08T11:26:54.490+05:30  INFO 17028 --- [restartedMain] o.s.s.quartz.SchedulerFactoryBean        : Starting Quartz Scheduler now
2025-01-08T11:26:54.491+05:30  INFO 17028 --- [restartedMain] org.quartz.core.QuartzScheduler          : Scheduler quartzScheduler_$_NON_CLUSTERED started.
2025-01-08T11:26:54.505+05:30  INFO 17028 --- [restartedMain] com.neo.ProductApplication               : Started ProductApplication in 3.545 seconds (process running for 1113.189)
2025-01-08T11:26:54.511+05:30  INFO 17028 --- [restartedMain] .ConditionEvaluationDeltaLoggingListener : Condition evaluation unchanged
2025-01-08T11:27:06.706+05:30  INFO 17028 --- [http-nio-8080-exec-2] o.a.c.c.C.[Tomcat].[localhost].[/]       : Initializing Spring DispatcherServlet 'dispatcherServlet'
2025-01-08T11:27:06.706+05:30  INFO 17028 --- [http-nio-8080-exec-2] o.s.web.servlet.DispatcherServlet        : Initializing Servlet 'dispatcherServlet'
2025-01-08T11:27:06.709+05:30  INFO 17028 --- [http-nio-8080-exec-2] o.s.web.servlet.DispatcherServlet        : Completed initialization in 3 ms
2025-01-08T11:32:54.841+05:30  INFO 17028 --- [File Watcher] rtingClassPathChangeChangedEventListener : Restarting due to 1 class path change (0 additions, 0 deletions, 1 modification)
2025-01-08T11:32:54.845+05:30  INFO 17028 --- [Thread-19] org.quartz.core.QuartzScheduler          : Scheduler quartzScheduler_$_NON_CLUSTERED paused.
2025-01-08T11:32:54.862+05:30  INFO 17028 --- [Thread-19] o.s.s.quartz.SchedulerFactoryBean        : Shutting down Quartz Scheduler
2025-01-08T11:32:54.862+05:30  INFO 17028 --- [Thread-19] org.quartz.core.QuartzScheduler          : Scheduler quartzScheduler_$_NON_CLUSTERED shutting down.
2025-01-08T11:32:54.862+05:30  INFO 17028 --- [Thread-19] org.quartz.core.QuartzScheduler          : Scheduler quartzScheduler_$_NON_CLUSTERED paused.
2025-01-08T11:32:54.862+05:30  INFO 17028 --- [Thread-19] org.quartz.core.QuartzScheduler          : Scheduler quartzScheduler_$_NON_CLUSTERED shutdown complete.
2025-01-08T11:32:54.864+05:30  INFO 17028 --- [Thread-19] j.LocalContainerEntityManagerFactoryBean : Closing JPA EntityManagerFactory for persistence unit 'default'
2025-01-08T11:32:54.865+05:30  INFO 17028 --- [Thread-19] com.zaxxer.hikari.HikariDataSource       : HikariPool-5 - Shutdown initiated...
2025-01-08T11:32:54.876+05:30  INFO 17028 --- [Thread-19] com.zaxxer.hikari.HikariDataSource       : HikariPool-5 - Shutdown completed.
2025-01-08T11:32:55.031+05:30  INFO 17028 --- [restartedMain] com.neo.ProductApplication               : Starting ProductApplication using Java 17.0.10 with PID 17028 (C:\Users\Neosoft\Desktop\BusyBees\Category-Product-Review\target\classes started by Neosoft in C:\Users\Neosoft\Desktop\BusyBees\Category-Product-Review)
2025-01-08T11:32:55.032+05:30  INFO 17028 --- [restartedMain] com.neo.ProductApplication               : No active profile set, falling back to 1 default profile: "default"
2025-01-08T11:32:55.592+05:30  INFO 17028 --- [restartedMain] .s.d.r.c.RepositoryConfigurationDelegate : Bootstrapping Spring Data JPA repositories in DEFAULT mode.
2025-01-08T11:32:55.607+05:30  INFO 17028 --- [restartedMain] .s.d.r.c.RepositoryConfigurationDelegate : Finished Spring Data repository scanning in 14 ms. Found 2 JPA repository interfaces.
2025-01-08T11:32:55.856+05:30  INFO 17028 --- [restartedMain] o.s.b.w.embedded.tomcat.TomcatWebServer  : Tomcat initialized with port 8080 (http)
2025-01-08T11:32:55.856+05:30  INFO 17028 --- [restartedMain] o.apache.catalina.core.StandardService   : Starting service [Tomcat]
2025-01-08T11:32:55.857+05:30  INFO 17028 --- [restartedMain] o.apache.catalina.core.StandardEngine    : Starting Servlet engine: [Apache Tomcat/10.1.16]
2025-01-08T11:32:55.889+05:30  INFO 17028 --- [restartedMain] o.a.c.c.C.[Tomcat].[localhost].[/]       : Initializing Spring embedded WebApplicationContext
2025-01-08T11:32:55.889+05:30  INFO 17028 --- [restartedMain] w.s.c.ServletWebServerApplicationContext : Root WebApplicationContext: initialization completed in 853 ms
2025-01-08T11:32:55.995+05:30  INFO 17028 --- [restartedMain] com.zaxxer.hikari.HikariDataSource       : HikariPool-6 - Starting...
2025-01-08T11:32:56.043+05:30  INFO 17028 --- [restartedMain] com.zaxxer.hikari.pool.HikariPool        : HikariPool-6 - Added connection org.postgresql.jdbc.PgConnection@28d348a7
2025-01-08T11:32:56.043+05:30  INFO 17028 --- [restartedMain] com.zaxxer.hikari.HikariDataSource       : HikariPool-6 - Start completed.
2025-01-08T11:32:56.043+05:30  INFO 17028 --- [restartedMain] o.s.b.a.h2.H2ConsoleAutoConfiguration    : H2 console available at '/h2-console'. Database available at 'jdbc:postgresql://localhost:5432/Category-Products-Reviews'
2025-01-08T11:32:56.153+05:30  INFO 17028 --- [restartedMain] o.hibernate.jpa.internal.util.LogHelper  : HHH000204: Processing PersistenceUnitInfo [name: default]
2025-01-08T11:32:56.161+05:30  INFO 17028 --- [restartedMain] o.h.c.internal.RegionFactoryInitiator    : HHH000026: Second-level cache disabled
2025-01-08T11:32:56.172+05:30  INFO 17028 --- [restartedMain] o.s.o.j.p.SpringPersistenceUnitInfo      : No LoadTimeWeaver setup: ignoring JPA class transformer
2025-01-08T11:32:56.185+05:30  WARN 17028 --- [restartedMain] org.hibernate.orm.deprecation            : HHH90000025: PostgreSQLDialect does not need to be specified explicitly using 'hibernate.dialect' (remove the property setting and it will be selected by default)
2025-01-08T11:32:56.281+05:30  INFO 17028 --- [restartedMain] o.h.e.t.j.p.i.JtaPlatformInitiator       : HHH000489: No JTA platform available (set 'hibernate.transaction.jta.platform' to enable JTA platform integration)
2025-01-08T11:32:56.378+05:30  INFO 17028 --- [restartedMain] j.LocalContainerEntityManagerFactoryBean : Initialized JPA EntityManagerFactory for persistence unit 'default'
2025-01-08T11:32:56.844+05:30  WARN 17028 --- [restartedMain] JpaBaseConfiguration$JpaWebConfiguration : spring.jpa.open-in-view is enabled by default. Therefore, database queries may be performed during view rendering. Explicitly configure spring.jpa.open-in-view to disable this warning
2025-01-08T11:32:57.990+05:30  INFO 17028 --- [restartedMain] org.quartz.impl.StdSchedulerFactory      : Using default implementation for ThreadExecutor
2025-01-08T11:32:57.992+05:30  INFO 17028 --- [restartedMain] org.quartz.core.SchedulerSignalerImpl    : Initialized Scheduler Signaller of type: class org.quartz.core.SchedulerSignalerImpl
2025-01-08T11:32:57.992+05:30  INFO 17028 --- [restartedMain] org.quartz.core.QuartzScheduler          : Quartz Scheduler v.2.3.2 created.
2025-01-08T11:32:57.992+05:30  INFO 17028 --- [restartedMain] org.quartz.simpl.RAMJobStore             : RAMJobStore initialized.
2025-01-08T11:32:57.992+05:30  INFO 17028 --- [restartedMain] org.quartz.core.QuartzScheduler          : Scheduler meta-data: Quartz Scheduler (v2.3.2) 'quartzScheduler' with instanceId 'NON_CLUSTERED'
  Scheduler class: 'org.quartz.core.QuartzScheduler' - running locally.
  NOT STARTED.
  Currently in standby mode.
  Number of jobs executed: 0
  Using thread pool 'org.quartz.simpl.SimpleThreadPool' - with 10 threads.
  Using job-store 'org.quartz.simpl.RAMJobStore' - which does not support persistence. and is not clustered.

2025-01-08T11:32:57.994+05:30  INFO 17028 --- [restartedMain] org.quartz.impl.StdSchedulerFactory      : Quartz scheduler 'quartzScheduler' initialized from an externally provided properties instance.
2025-01-08T11:32:57.994+05:30  INFO 17028 --- [restartedMain] org.quartz.impl.StdSchedulerFactory      : Quartz scheduler version: 2.3.2
2025-01-08T11:32:57.994+05:30  INFO 17028 --- [restartedMain] org.quartz.core.QuartzScheduler          : JobFactory set to: org.springframework.scheduling.quartz.SpringBeanJobFactory@ce3fc7f
2025-01-08T11:32:58.339+05:30  INFO 17028 --- [restartedMain] o.s.b.d.a.OptionalLiveReloadServer       : LiveReload server is running on port 35729
2025-01-08T11:32:58.349+05:30  INFO 17028 --- [restartedMain] o.s.b.a.e.web.EndpointLinksResolver      : Exposing 1 endpoint(s) beneath base path '/actuator'
2025-01-08T11:32:58.393+05:30  INFO 17028 --- [restartedMain] o.s.b.w.embedded.tomcat.TomcatWebServer  : Tomcat started on port 8080 (http) with context path ''
2025-01-08T11:32:58.393+05:30  INFO 17028 --- [restartedMain] o.s.s.quartz.SchedulerFactoryBean        : Starting Quartz Scheduler now
2025-01-08T11:32:58.393+05:30  INFO 17028 --- [restartedMain] org.quartz.core.QuartzScheduler          : Scheduler quartzScheduler_$_NON_CLUSTERED started.
2025-01-08T11:32:58.406+05:30  INFO 17028 --- [restartedMain] com.neo.ProductApplication               : Started ProductApplication in 3.437 seconds (process running for 1477.09)
2025-01-08T11:32:58.410+05:30  INFO 17028 --- [restartedMain] .ConditionEvaluationDeltaLoggingListener : Condition evaluation unchanged
2025-01-08T11:33:09.091+05:30  INFO 17028 --- [File Watcher] rtingClassPathChangeChangedEventListener : Restarting due to 1 class path change (0 additions, 0 deletions, 1 modification)
2025-01-08T11:33:09.096+05:30  INFO 17028 --- [Thread-23] org.quartz.core.QuartzScheduler          : Scheduler quartzScheduler_$_NON_CLUSTERED paused.
2025-01-08T11:33:09.127+05:30  INFO 17028 --- [Thread-23] o.s.s.quartz.SchedulerFactoryBean        : Shutting down Quartz Scheduler
2025-01-08T11:33:09.128+05:30  INFO 17028 --- [Thread-23] org.quartz.core.QuartzScheduler          : Scheduler quartzScheduler_$_NON_CLUSTERED shutting down.
2025-01-08T11:33:09.128+05:30  INFO 17028 --- [Thread-23] org.quartz.core.QuartzScheduler          : Scheduler quartzScheduler_$_NON_CLUSTERED paused.
2025-01-08T11:33:09.128+05:30  INFO 17028 --- [Thread-23] org.quartz.core.QuartzScheduler          : Scheduler quartzScheduler_$_NON_CLUSTERED shutdown complete.
2025-01-08T11:33:09.129+05:30  INFO 17028 --- [Thread-23] j.LocalContainerEntityManagerFactoryBean : Closing JPA EntityManagerFactory for persistence unit 'default'
2025-01-08T11:33:09.131+05:30  INFO 17028 --- [Thread-23] com.zaxxer.hikari.HikariDataSource       : HikariPool-6 - Shutdown initiated...
2025-01-08T11:33:09.138+05:30  INFO 17028 --- [Thread-23] com.zaxxer.hikari.HikariDataSource       : HikariPool-6 - Shutdown completed.
2025-01-08T11:33:09.260+05:30  INFO 17028 --- [restartedMain] com.neo.ProductApplication               : Starting ProductApplication using Java 17.0.10 with PID 17028 (C:\Users\Neosoft\Desktop\BusyBees\Category-Product-Review\target\classes started by Neosoft in C:\Users\Neosoft\Desktop\BusyBees\Category-Product-Review)
2025-01-08T11:33:09.260+05:30  INFO 17028 --- [restartedMain] com.neo.ProductApplication               : No active profile set, falling back to 1 default profile: "default"
2025-01-08T11:33:10.643+05:30  INFO 17028 --- [restartedMain] .s.d.r.c.RepositoryConfigurationDelegate : Bootstrapping Spring Data JPA repositories in DEFAULT mode.
2025-01-08T11:33:10.660+05:30  INFO 17028 --- [restartedMain] .s.d.r.c.RepositoryConfigurationDelegate : Finished Spring Data repository scanning in 16 ms. Found 2 JPA repository interfaces.
2025-01-08T11:33:10.933+05:30  INFO 17028 --- [restartedMain] o.s.b.w.embedded.tomcat.TomcatWebServer  : Tomcat initialized with port 8080 (http)
2025-01-08T11:33:10.933+05:30  INFO 17028 --- [restartedMain] o.apache.catalina.core.StandardService   : Starting service [Tomcat]
2025-01-08T11:33:10.933+05:30  INFO 17028 --- [restartedMain] o.apache.catalina.core.StandardEngine    : Starting Servlet engine: [Apache Tomcat/10.1.16]
2025-01-08T11:33:11.012+05:30  INFO 17028 --- [restartedMain] o.a.c.c.C.[Tomcat].[localhost].[/]       : Initializing Spring embedded WebApplicationContext
2025-01-08T11:33:11.012+05:30  INFO 17028 --- [restartedMain] w.s.c.ServletWebServerApplicationContext : Root WebApplicationContext: initialization completed in 1750 ms
2025-01-08T11:33:11.115+05:30  INFO 17028 --- [restartedMain] com.zaxxer.hikari.HikariDataSource       : HikariPool-7 - Starting...
2025-01-08T11:33:11.163+05:30  INFO 17028 --- [restartedMain] com.zaxxer.hikari.pool.HikariPool        : HikariPool-7 - Added connection org.postgresql.jdbc.PgConnection@4aeb562a
2025-01-08T11:33:11.163+05:30  INFO 17028 --- [restartedMain] com.zaxxer.hikari.HikariDataSource       : HikariPool-7 - Start completed.
2025-01-08T11:33:11.163+05:30  INFO 17028 --- [restartedMain] o.s.b.a.h2.H2ConsoleAutoConfiguration    : H2 console available at '/h2-console'. Database available at 'jdbc:postgresql://localhost:5432/Category-Products-Reviews'
2025-01-08T11:33:11.296+05:30  INFO 17028 --- [restartedMain] o.hibernate.jpa.internal.util.LogHelper  : HHH000204: Processing PersistenceUnitInfo [name: default]
2025-01-08T11:33:11.300+05:30  INFO 17028 --- [restartedMain] o.h.c.internal.RegionFactoryInitiator    : HHH000026: Second-level cache disabled
2025-01-08T11:33:11.307+05:30  INFO 17028 --- [restartedMain] o.s.o.j.p.SpringPersistenceUnitInfo      : No LoadTimeWeaver setup: ignoring JPA class transformer
2025-01-08T11:33:11.322+05:30  WARN 17028 --- [restartedMain] org.hibernate.orm.deprecation            : HHH90000025: PostgreSQLDialect does not need to be specified explicitly using 'hibernate.dialect' (remove the property setting and it will be selected by default)
2025-01-08T11:33:11.414+05:30  INFO 17028 --- [restartedMain] o.h.e.t.j.p.i.JtaPlatformInitiator       : HHH000489: No JTA platform available (set 'hibernate.transaction.jta.platform' to enable JTA platform integration)
2025-01-08T11:33:11.499+05:30  INFO 17028 --- [restartedMain] j.LocalContainerEntityManagerFactoryBean : Initialized JPA EntityManagerFactory for persistence unit 'default'
2025-01-08T11:33:11.963+05:30  WARN 17028 --- [restartedMain] JpaBaseConfiguration$JpaWebConfiguration : spring.jpa.open-in-view is enabled by default. Therefore, database queries may be performed during view rendering. Explicitly configure spring.jpa.open-in-view to disable this warning
2025-01-08T11:33:13.172+05:30  INFO 17028 --- [restartedMain] org.quartz.impl.StdSchedulerFactory      : Using default implementation for ThreadExecutor
2025-01-08T11:33:13.174+05:30  INFO 17028 --- [restartedMain] org.quartz.core.SchedulerSignalerImpl    : Initialized Scheduler Signaller of type: class org.quartz.core.SchedulerSignalerImpl
2025-01-08T11:33:13.174+05:30  INFO 17028 --- [restartedMain] org.quartz.core.QuartzScheduler          : Quartz Scheduler v.2.3.2 created.
2025-01-08T11:33:13.174+05:30  INFO 17028 --- [restartedMain] org.quartz.simpl.RAMJobStore             : RAMJobStore initialized.
2025-01-08T11:33:13.174+05:30  INFO 17028 --- [restartedMain] org.quartz.core.QuartzScheduler          : Scheduler meta-data: Quartz Scheduler (v2.3.2) 'quartzScheduler' with instanceId 'NON_CLUSTERED'
  Scheduler class: 'org.quartz.core.QuartzScheduler' - running locally.
  NOT STARTED.
  Currently in standby mode.
  Number of jobs executed: 0
  Using thread pool 'org.quartz.simpl.SimpleThreadPool' - with 10 threads.
  Using job-store 'org.quartz.simpl.RAMJobStore' - which does not support persistence. and is not clustered.

2025-01-08T11:33:13.174+05:30  INFO 17028 --- [restartedMain] org.quartz.impl.StdSchedulerFactory      : Quartz scheduler 'quartzScheduler' initialized from an externally provided properties instance.
2025-01-08T11:33:13.174+05:30  INFO 17028 --- [restartedMain] org.quartz.impl.StdSchedulerFactory      : Quartz scheduler version: 2.3.2
2025-01-08T11:33:13.174+05:30  INFO 17028 --- [restartedMain] org.quartz.core.QuartzScheduler          : JobFactory set to: org.springframework.scheduling.quartz.SpringBeanJobFactory@555a51bb
2025-01-08T11:33:13.539+05:30  INFO 17028 --- [restartedMain] o.s.b.d.a.OptionalLiveReloadServer       : LiveReload server is running on port 35729
2025-01-08T11:33:13.576+05:30  INFO 17028 --- [restartedMain] o.s.b.a.e.web.EndpointLinksResolver      : Exposing 1 endpoint(s) beneath base path '/actuator'
2025-01-08T11:33:13.635+05:30  INFO 17028 --- [restartedMain] o.s.b.w.embedded.tomcat.TomcatWebServer  : Tomcat started on port 8080 (http) with context path ''
2025-01-08T11:33:13.636+05:30  INFO 17028 --- [restartedMain] o.s.s.quartz.SchedulerFactoryBean        : Starting Quartz Scheduler now
2025-01-08T11:33:13.636+05:30  INFO 17028 --- [restartedMain] org.quartz.core.QuartzScheduler          : Scheduler quartzScheduler_$_NON_CLUSTERED started.
2025-01-08T11:33:13.648+05:30  INFO 17028 --- [restartedMain] com.neo.ProductApplication               : Started ProductApplication in 4.422 seconds (process running for 1492.331)
2025-01-08T11:33:13.652+05:30  INFO 17028 --- [restartedMain] .ConditionEvaluationDeltaLoggingListener : Condition evaluation unchanged
2025-01-08T11:33:14.968+05:30  INFO 17028 --- [File Watcher] rtingClassPathChangeChangedEventListener : Restarting due to 1 class path change (0 additions, 0 deletions, 1 modification)
2025-01-08T11:33:14.970+05:30  INFO 17028 --- [Thread-27] org.quartz.core.QuartzScheduler          : Scheduler quartzScheduler_$_NON_CLUSTERED paused.
2025-01-08T11:33:14.982+05:30  INFO 17028 --- [Thread-27] o.s.s.quartz.SchedulerFactoryBean        : Shutting down Quartz Scheduler
2025-01-08T11:33:14.982+05:30  INFO 17028 --- [Thread-27] org.quartz.core.QuartzScheduler          : Scheduler quartzScheduler_$_NON_CLUSTERED shutting down.
2025-01-08T11:33:14.982+05:30  INFO 17028 --- [Thread-27] org.quartz.core.QuartzScheduler          : Scheduler quartzScheduler_$_NON_CLUSTERED paused.
2025-01-08T11:33:14.982+05:30  INFO 17028 --- [Thread-27] org.quartz.core.QuartzScheduler          : Scheduler quartzScheduler_$_NON_CLUSTERED shutdown complete.
2025-01-08T11:33:14.984+05:30  INFO 17028 --- [Thread-27] j.LocalContainerEntityManagerFactoryBean : Closing JPA EntityManagerFactory for persistence unit 'default'
2025-01-08T11:33:14.986+05:30  INFO 17028 --- [Thread-27] com.zaxxer.hikari.HikariDataSource       : HikariPool-7 - Shutdown initiated...
2025-01-08T11:33:14.993+05:30  INFO 17028 --- [Thread-27] com.zaxxer.hikari.HikariDataSource       : HikariPool-7 - Shutdown completed.
2025-01-08T11:33:15.115+05:30  INFO 17028 --- [restartedMain] com.neo.ProductApplication               : Starting ProductApplication using Java 17.0.10 with PID 17028 (C:\Users\Neosoft\Desktop\BusyBees\Category-Product-Review\target\classes started by Neosoft in C:\Users\Neosoft\Desktop\BusyBees\Category-Product-Review)
2025-01-08T11:33:15.115+05:30  INFO 17028 --- [restartedMain] com.neo.ProductApplication               : No active profile set, falling back to 1 default profile: "default"
2025-01-08T11:33:15.696+05:30  INFO 17028 --- [restartedMain] .s.d.r.c.RepositoryConfigurationDelegate : Bootstrapping Spring Data JPA repositories in DEFAULT mode.
2025-01-08T11:33:15.707+05:30  INFO 17028 --- [restartedMain] .s.d.r.c.RepositoryConfigurationDelegate : Finished Spring Data repository scanning in 11 ms. Found 2 JPA repository interfaces.
2025-01-08T11:33:15.923+05:30  INFO 17028 --- [restartedMain] o.s.b.w.embedded.tomcat.TomcatWebServer  : Tomcat initialized with port 8080 (http)
2025-01-08T11:33:15.923+05:30  INFO 17028 --- [restartedMain] o.apache.catalina.core.StandardService   : Starting service [Tomcat]
2025-01-08T11:33:15.924+05:30  INFO 17028 --- [restartedMain] o.apache.catalina.core.StandardEngine    : Starting Servlet engine: [Apache Tomcat/10.1.16]
2025-01-08T11:33:15.998+05:30  INFO 17028 --- [restartedMain] o.a.c.c.C.[Tomcat].[localhost].[/]       : Initializing Spring embedded WebApplicationContext
2025-01-08T11:33:15.998+05:30  INFO 17028 --- [restartedMain] w.s.c.ServletWebServerApplicationContext : Root WebApplicationContext: initialization completed in 880 ms
2025-01-08T11:33:16.222+05:30  INFO 17028 --- [restartedMain] com.zaxxer.hikari.HikariDataSource       : HikariPool-8 - Starting...
2025-01-08T11:33:16.288+05:30  INFO 17028 --- [restartedMain] com.zaxxer.hikari.pool.HikariPool        : HikariPool-8 - Added connection org.postgresql.jdbc.PgConnection@348dd06c
2025-01-08T11:33:16.288+05:30  INFO 17028 --- [restartedMain] com.zaxxer.hikari.HikariDataSource       : HikariPool-8 - Start completed.
2025-01-08T11:33:16.288+05:30  INFO 17028 --- [restartedMain] o.s.b.a.h2.H2ConsoleAutoConfiguration    : H2 console available at '/h2-console'. Database available at 'jdbc:postgresql://localhost:5432/Category-Products-Reviews'
2025-01-08T11:33:16.687+05:30  INFO 17028 --- [restartedMain] o.hibernate.jpa.internal.util.LogHelper  : HHH000204: Processing PersistenceUnitInfo [name: default]
2025-01-08T11:33:16.705+05:30  INFO 17028 --- [restartedMain] o.h.c.internal.RegionFactoryInitiator    : HHH000026: Second-level cache disabled
2025-01-08T11:33:16.720+05:30  INFO 17028 --- [restartedMain] o.s.o.j.p.SpringPersistenceUnitInfo      : No LoadTimeWeaver setup: ignoring JPA class transformer
2025-01-08T11:33:16.740+05:30  WARN 17028 --- [restartedMain] org.hibernate.orm.deprecation            : HHH90000025: PostgreSQLDialect does not need to be specified explicitly using 'hibernate.dialect' (remove the property setting and it will be selected by default)
2025-01-08T11:33:16.904+05:30  INFO 17028 --- [restartedMain] o.h.e.t.j.p.i.JtaPlatformInitiator       : HHH000489: No JTA platform available (set 'hibernate.transaction.jta.platform' to enable JTA platform integration)
2025-01-08T11:33:17.027+05:30  INFO 17028 --- [restartedMain] j.LocalContainerEntityManagerFactoryBean : Initialized JPA EntityManagerFactory for persistence unit 'default'
2025-01-08T11:33:17.556+05:30  WARN 17028 --- [restartedMain] JpaBaseConfiguration$JpaWebConfiguration : spring.jpa.open-in-view is enabled by default. Therefore, database queries may be performed during view rendering. Explicitly configure spring.jpa.open-in-view to disable this warning
2025-01-08T11:33:18.790+05:30  INFO 17028 --- [restartedMain] org.quartz.impl.StdSchedulerFactory      : Using default implementation for ThreadExecutor
2025-01-08T11:33:18.792+05:30  INFO 17028 --- [restartedMain] org.quartz.core.SchedulerSignalerImpl    : Initialized Scheduler Signaller of type: class org.quartz.core.SchedulerSignalerImpl
2025-01-08T11:33:18.792+05:30  INFO 17028 --- [restartedMain] org.quartz.core.QuartzScheduler          : Quartz Scheduler v.2.3.2 created.
2025-01-08T11:33:18.792+05:30  INFO 17028 --- [restartedMain] org.quartz.simpl.RAMJobStore             : RAMJobStore initialized.
2025-01-08T11:33:18.792+05:30  INFO 17028 --- [restartedMain] org.quartz.core.QuartzScheduler          : Scheduler meta-data: Quartz Scheduler (v2.3.2) 'quartzScheduler' with instanceId 'NON_CLUSTERED'
  Scheduler class: 'org.quartz.core.QuartzScheduler' - running locally.
  NOT STARTED.
  Currently in standby mode.
  Number of jobs executed: 0
  Using thread pool 'org.quartz.simpl.SimpleThreadPool' - with 10 threads.
  Using job-store 'org.quartz.simpl.RAMJobStore' - which does not support persistence. and is not clustered.

2025-01-08T11:33:18.792+05:30  INFO 17028 --- [restartedMain] org.quartz.impl.StdSchedulerFactory      : Quartz scheduler 'quartzScheduler' initialized from an externally provided properties instance.
2025-01-08T11:33:18.792+05:30  INFO 17028 --- [restartedMain] org.quartz.impl.StdSchedulerFactory      : Quartz scheduler version: 2.3.2
2025-01-08T11:33:18.793+05:30  INFO 17028 --- [restartedMain] org.quartz.core.QuartzScheduler          : JobFactory set to: org.springframework.scheduling.quartz.SpringBeanJobFactory@71309422
2025-01-08T11:33:19.114+05:30  INFO 17028 --- [restartedMain] o.s.b.d.a.OptionalLiveReloadServer       : LiveReload server is running on port 35729
2025-01-08T11:33:19.124+05:30  INFO 17028 --- [restartedMain] o.s.b.a.e.web.EndpointLinksResolver      : Exposing 1 endpoint(s) beneath base path '/actuator'
2025-01-08T11:33:19.223+05:30  INFO 17028 --- [restartedMain] o.s.b.w.embedded.tomcat.TomcatWebServer  : Tomcat started on port 8080 (http) with context path ''
2025-01-08T11:33:19.226+05:30  INFO 17028 --- [restartedMain] o.s.s.quartz.SchedulerFactoryBean        : Starting Quartz Scheduler now
2025-01-08T11:33:19.229+05:30  INFO 17028 --- [restartedMain] org.quartz.core.QuartzScheduler          : Scheduler quartzScheduler_$_NON_CLUSTERED started.
2025-01-08T11:33:19.262+05:30  INFO 17028 --- [restartedMain] com.neo.ProductApplication               : Started ProductApplication in 4.178 seconds (process running for 1497.945)
2025-01-08T11:33:19.267+05:30  INFO 17028 --- [restartedMain] .ConditionEvaluationDeltaLoggingListener : Condition evaluation unchanged
2025-01-08T11:33:20.569+05:30  INFO 17028 --- [File Watcher] rtingClassPathChangeChangedEventListener : Restarting due to 1 class path change (0 additions, 0 deletions, 1 modification)
2025-01-08T11:33:20.577+05:30  INFO 17028 --- [Thread-31] org.quartz.core.QuartzScheduler          : Scheduler quartzScheduler_$_NON_CLUSTERED paused.
2025-01-08T11:33:20.615+05:30  INFO 17028 --- [Thread-31] o.s.s.quartz.SchedulerFactoryBean        : Shutting down Quartz Scheduler
2025-01-08T11:33:20.615+05:30  INFO 17028 --- [Thread-31] org.quartz.core.QuartzScheduler          : Scheduler quartzScheduler_$_NON_CLUSTERED shutting down.
2025-01-08T11:33:20.615+05:30  INFO 17028 --- [Thread-31] org.quartz.core.QuartzScheduler          : Scheduler quartzScheduler_$_NON_CLUSTERED paused.
2025-01-08T11:33:20.615+05:30  INFO 17028 --- [Thread-31] org.quartz.core.QuartzScheduler          : Scheduler quartzScheduler_$_NON_CLUSTERED shutdown complete.
2025-01-08T11:33:20.621+05:30  INFO 17028 --- [Thread-31] j.LocalContainerEntityManagerFactoryBean : Closing JPA EntityManagerFactory for persistence unit 'default'
2025-01-08T11:33:20.623+05:30  INFO 17028 --- [Thread-31] com.zaxxer.hikari.HikariDataSource       : HikariPool-8 - Shutdown initiated...
2025-01-08T11:33:20.632+05:30  INFO 17028 --- [Thread-31] com.zaxxer.hikari.HikariDataSource       : HikariPool-8 - Shutdown completed.
2025-01-08T11:33:20.767+05:30  INFO 17028 --- [restartedMain] com.neo.ProductApplication               : Starting ProductApplication using Java 17.0.10 with PID 17028 (C:\Users\Neosoft\Desktop\BusyBees\Category-Product-Review\target\classes started by Neosoft in C:\Users\Neosoft\Desktop\BusyBees\Category-Product-Review)
2025-01-08T11:33:20.767+05:30  INFO 17028 --- [restartedMain] com.neo.ProductApplication               : No active profile set, falling back to 1 default profile: "default"
2025-01-08T11:33:21.372+05:30  INFO 17028 --- [restartedMain] .s.d.r.c.RepositoryConfigurationDelegate : Bootstrapping Spring Data JPA repositories in DEFAULT mode.
2025-01-08T11:33:21.383+05:30  INFO 17028 --- [restartedMain] .s.d.r.c.RepositoryConfigurationDelegate : Finished Spring Data repository scanning in 11 ms. Found 2 JPA repository interfaces.
2025-01-08T11:33:21.613+05:30  INFO 17028 --- [restartedMain] o.s.b.w.embedded.tomcat.TomcatWebServer  : Tomcat initialized with port 8080 (http)
2025-01-08T11:33:21.613+05:30  INFO 17028 --- [restartedMain] o.apache.catalina.core.StandardService   : Starting service [Tomcat]
2025-01-08T11:33:21.614+05:30  INFO 17028 --- [restartedMain] o.apache.catalina.core.StandardEngine    : Starting Servlet engine: [Apache Tomcat/10.1.16]
2025-01-08T11:33:21.644+05:30  INFO 17028 --- [restartedMain] o.a.c.c.C.[Tomcat].[localhost].[/]       : Initializing Spring embedded WebApplicationContext
2025-01-08T11:33:21.644+05:30  INFO 17028 --- [restartedMain] w.s.c.ServletWebServerApplicationContext : Root WebApplicationContext: initialization completed in 874 ms
2025-01-08T11:33:21.749+05:30  INFO 17028 --- [restartedMain] com.zaxxer.hikari.HikariDataSource       : HikariPool-9 - Starting...
2025-01-08T11:33:21.802+05:30  INFO 17028 --- [restartedMain] com.zaxxer.hikari.pool.HikariPool        : HikariPool-9 - Added connection org.postgresql.jdbc.PgConnection@674ae0b7
2025-01-08T11:33:21.802+05:30  INFO 17028 --- [restartedMain] com.zaxxer.hikari.HikariDataSource       : HikariPool-9 - Start completed.
2025-01-08T11:33:21.802+05:30  INFO 17028 --- [restartedMain] o.s.b.a.h2.H2ConsoleAutoConfiguration    : H2 console available at '/h2-console'. Database available at 'jdbc:postgresql://localhost:5432/Category-Products-Reviews'
2025-01-08T11:33:21.955+05:30  INFO 17028 --- [restartedMain] o.hibernate.jpa.internal.util.LogHelper  : HHH000204: Processing PersistenceUnitInfo [name: default]
2025-01-08T11:33:21.961+05:30  INFO 17028 --- [restartedMain] o.h.c.internal.RegionFactoryInitiator    : HHH000026: Second-level cache disabled
2025-01-08T11:33:21.967+05:30  INFO 17028 --- [restartedMain] o.s.o.j.p.SpringPersistenceUnitInfo      : No LoadTimeWeaver setup: ignoring JPA class transformer
2025-01-08T11:33:21.978+05:30  WARN 17028 --- [restartedMain] org.hibernate.orm.deprecation            : HHH90000025: PostgreSQLDialect does not need to be specified explicitly using 'hibernate.dialect' (remove the property setting and it will be selected by default)
2025-01-08T11:33:22.123+05:30  INFO 17028 --- [restartedMain] o.h.e.t.j.p.i.JtaPlatformInitiator       : HHH000489: No JTA platform available (set 'hibernate.transaction.jta.platform' to enable JTA platform integration)
2025-01-08T11:33:22.258+05:30  INFO 17028 --- [restartedMain] j.LocalContainerEntityManagerFactoryBean : Initialized JPA EntityManagerFactory for persistence unit 'default'
2025-01-08T11:33:23.503+05:30  WARN 17028 --- [restartedMain] JpaBaseConfiguration$JpaWebConfiguration : spring.jpa.open-in-view is enabled by default. Therefore, database queries may be performed during view rendering. Explicitly configure spring.jpa.open-in-view to disable this warning
2025-01-08T11:33:25.094+05:30  INFO 17028 --- [restartedMain] org.quartz.impl.StdSchedulerFactory      : Using default implementation for ThreadExecutor
2025-01-08T11:33:25.095+05:30  INFO 17028 --- [restartedMain] org.quartz.core.SchedulerSignalerImpl    : Initialized Scheduler Signaller of type: class org.quartz.core.SchedulerSignalerImpl
2025-01-08T11:33:25.095+05:30  INFO 17028 --- [restartedMain] org.quartz.core.QuartzScheduler          : Quartz Scheduler v.2.3.2 created.
2025-01-08T11:33:25.095+05:30  INFO 17028 --- [restartedMain] org.quartz.simpl.RAMJobStore             : RAMJobStore initialized.
2025-01-08T11:33:25.096+05:30  INFO 17028 --- [restartedMain] org.quartz.core.QuartzScheduler          : Scheduler meta-data: Quartz Scheduler (v2.3.2) 'quartzScheduler' with instanceId 'NON_CLUSTERED'
  Scheduler class: 'org.quartz.core.QuartzScheduler' - running locally.
  NOT STARTED.
  Currently in standby mode.
  Number of jobs executed: 0
  Using thread pool 'org.quartz.simpl.SimpleThreadPool' - with 10 threads.
  Using job-store 'org.quartz.simpl.RAMJobStore' - which does not support persistence. and is not clustered.

2025-01-08T11:33:25.096+05:30  INFO 17028 --- [restartedMain] org.quartz.impl.StdSchedulerFactory      : Quartz scheduler 'quartzScheduler' initialized from an externally provided properties instance.
2025-01-08T11:33:25.096+05:30  INFO 17028 --- [restartedMain] org.quartz.impl.StdSchedulerFactory      : Quartz scheduler version: 2.3.2
2025-01-08T11:33:25.096+05:30  INFO 17028 --- [restartedMain] org.quartz.core.QuartzScheduler          : JobFactory set to: org.springframework.scheduling.quartz.SpringBeanJobFactory@6027fbc4
2025-01-08T11:33:25.506+05:30  INFO 17028 --- [restartedMain] o.s.b.d.a.OptionalLiveReloadServer       : LiveReload server is running on port 35729
2025-01-08T11:33:25.526+05:30  INFO 17028 --- [restartedMain] o.s.b.a.e.web.EndpointLinksResolver      : Exposing 1 endpoint(s) beneath base path '/actuator'
2025-01-08T11:33:25.588+05:30  INFO 17028 --- [restartedMain] o.s.b.w.embedded.tomcat.TomcatWebServer  : Tomcat started on port 8080 (http) with context path ''
2025-01-08T11:33:25.589+05:30  INFO 17028 --- [restartedMain] o.s.s.quartz.SchedulerFactoryBean        : Starting Quartz Scheduler now
2025-01-08T11:33:25.589+05:30  INFO 17028 --- [restartedMain] org.quartz.core.QuartzScheduler          : Scheduler quartzScheduler_$_NON_CLUSTERED started.
2025-01-08T11:33:25.621+05:30  INFO 17028 --- [restartedMain] com.neo.ProductApplication               : Started ProductApplication in 4.883 seconds (process running for 1504.305)
2025-01-08T11:33:25.625+05:30  INFO 17028 --- [restartedMain] .ConditionEvaluationDeltaLoggingListener : Condition evaluation unchanged
2025-01-08T11:33:26.932+05:30  INFO 17028 --- [File Watcher] rtingClassPathChangeChangedEventListener : Restarting due to 1 class path change (0 additions, 0 deletions, 1 modification)
2025-01-08T11:33:26.934+05:30  INFO 17028 --- [Thread-35] org.quartz.core.QuartzScheduler          : Scheduler quartzScheduler_$_NON_CLUSTERED paused.
2025-01-08T11:33:26.951+05:30  INFO 17028 --- [Thread-35] o.s.s.quartz.SchedulerFactoryBean        : Shutting down Quartz Scheduler
2025-01-08T11:33:26.952+05:30  INFO 17028 --- [Thread-35] org.quartz.core.QuartzScheduler          : Scheduler quartzScheduler_$_NON_CLUSTERED shutting down.
2025-01-08T11:33:26.952+05:30  INFO 17028 --- [Thread-35] org.quartz.core.QuartzScheduler          : Scheduler quartzScheduler_$_NON_CLUSTERED paused.
2025-01-08T11:33:26.952+05:30  INFO 17028 --- [Thread-35] org.quartz.core.QuartzScheduler          : Scheduler quartzScheduler_$_NON_CLUSTERED shutdown complete.
2025-01-08T11:33:26.953+05:30  INFO 17028 --- [Thread-35] j.LocalContainerEntityManagerFactoryBean : Closing JPA EntityManagerFactory for persistence unit 'default'
2025-01-08T11:33:26.954+05:30  INFO 17028 --- [Thread-35] com.zaxxer.hikari.HikariDataSource       : HikariPool-9 - Shutdown initiated...
2025-01-08T11:33:26.960+05:30  INFO 17028 --- [Thread-35] com.zaxxer.hikari.HikariDataSource       : HikariPool-9 - Shutdown completed.
2025-01-08T11:33:27.096+05:30  INFO 17028 --- [restartedMain] com.neo.ProductApplication               : Starting ProductApplication using Java 17.0.10 with PID 17028 (C:\Users\Neosoft\Desktop\BusyBees\Category-Product-Review\target\classes started by Neosoft in C:\Users\Neosoft\Desktop\BusyBees\Category-Product-Review)
2025-01-08T11:33:27.096+05:30  INFO 17028 --- [restartedMain] com.neo.ProductApplication               : No active profile set, falling back to 1 default profile: "default"
2025-01-08T11:33:27.566+05:30  INFO 17028 --- [restartedMain] .s.d.r.c.RepositoryConfigurationDelegate : Bootstrapping Spring Data JPA repositories in DEFAULT mode.
2025-01-08T11:33:27.588+05:30  INFO 17028 --- [restartedMain] .s.d.r.c.RepositoryConfigurationDelegate : Finished Spring Data repository scanning in 21 ms. Found 2 JPA repository interfaces.
2025-01-08T11:33:27.815+05:30  INFO 17028 --- [restartedMain] o.s.b.w.embedded.tomcat.TomcatWebServer  : Tomcat initialized with port 8080 (http)
2025-01-08T11:33:27.816+05:30  INFO 17028 --- [restartedMain] o.apache.catalina.core.StandardService   : Starting service [Tomcat]
2025-01-08T11:33:27.816+05:30  INFO 17028 --- [restartedMain] o.apache.catalina.core.StandardEngine    : Starting Servlet engine: [Apache Tomcat/10.1.16]
2025-01-08T11:33:27.850+05:30  INFO 17028 --- [restartedMain] o.a.c.c.C.[Tomcat].[localhost].[/]       : Initializing Spring embedded WebApplicationContext
2025-01-08T11:33:27.850+05:30  INFO 17028 --- [restartedMain] w.s.c.ServletWebServerApplicationContext : Root WebApplicationContext: initialization completed in 752 ms
2025-01-08T11:33:27.983+05:30  INFO 17028 --- [restartedMain] com.zaxxer.hikari.HikariDataSource       : HikariPool-10 - Starting...
2025-01-08T11:33:28.029+05:30  INFO 17028 --- [restartedMain] com.zaxxer.hikari.pool.HikariPool        : HikariPool-10 - Added connection org.postgresql.jdbc.PgConnection@13bd741e
2025-01-08T11:33:28.030+05:30  INFO 17028 --- [restartedMain] com.zaxxer.hikari.HikariDataSource       : HikariPool-10 - Start completed.
2025-01-08T11:33:28.030+05:30  INFO 17028 --- [restartedMain] o.s.b.a.h2.H2ConsoleAutoConfiguration    : H2 console available at '/h2-console'. Database available at 'jdbc:postgresql://localhost:5432/Category-Products-Reviews'
2025-01-08T11:33:28.203+05:30  INFO 17028 --- [restartedMain] o.hibernate.jpa.internal.util.LogHelper  : HHH000204: Processing PersistenceUnitInfo [name: default]
2025-01-08T11:33:28.207+05:30  INFO 17028 --- [restartedMain] o.h.c.internal.RegionFactoryInitiator    : HHH000026: Second-level cache disabled
2025-01-08T11:33:28.213+05:30  INFO 17028 --- [restartedMain] o.s.o.j.p.SpringPersistenceUnitInfo      : No LoadTimeWeaver setup: ignoring JPA class transformer
2025-01-08T11:33:28.223+05:30  WARN 17028 --- [restartedMain] org.hibernate.orm.deprecation            : HHH90000025: PostgreSQLDialect does not need to be specified explicitly using 'hibernate.dialect' (remove the property setting and it will be selected by default)
2025-01-08T11:33:28.292+05:30  INFO 17028 --- [restartedMain] o.h.e.t.j.p.i.JtaPlatformInitiator       : HHH000489: No JTA platform available (set 'hibernate.transaction.jta.platform' to enable JTA platform integration)
2025-01-08T11:33:28.405+05:30  INFO 17028 --- [restartedMain] j.LocalContainerEntityManagerFactoryBean : Initialized JPA EntityManagerFactory for persistence unit 'default'
2025-01-08T11:33:28.855+05:30  WARN 17028 --- [restartedMain] JpaBaseConfiguration$JpaWebConfiguration : spring.jpa.open-in-view is enabled by default. Therefore, database queries may be performed during view rendering. Explicitly configure spring.jpa.open-in-view to disable this warning
2025-01-08T11:33:30.721+05:30  INFO 17028 --- [restartedMain] org.quartz.impl.StdSchedulerFactory      : Using default implementation for ThreadExecutor
2025-01-08T11:33:30.723+05:30  INFO 17028 --- [restartedMain] org.quartz.core.SchedulerSignalerImpl    : Initialized Scheduler Signaller of type: class org.quartz.core.SchedulerSignalerImpl
2025-01-08T11:33:30.723+05:30  INFO 17028 --- [restartedMain] org.quartz.core.QuartzScheduler          : Quartz Scheduler v.2.3.2 created.
2025-01-08T11:33:30.723+05:30  INFO 17028 --- [restartedMain] org.quartz.simpl.RAMJobStore             : RAMJobStore initialized.
2025-01-08T11:33:30.723+05:30  INFO 17028 --- [restartedMain] org.quartz.core.QuartzScheduler          : Scheduler meta-data: Quartz Scheduler (v2.3.2) 'quartzScheduler' with instanceId 'NON_CLUSTERED'
  Scheduler class: 'org.quartz.core.QuartzScheduler' - running locally.
  NOT STARTED.
  Currently in standby mode.
  Number of jobs executed: 0
  Using thread pool 'org.quartz.simpl.SimpleThreadPool' - with 10 threads.
  Using job-store 'org.quartz.simpl.RAMJobStore' - which does not support persistence. and is not clustered.

2025-01-08T11:33:30.723+05:30  INFO 17028 --- [restartedMain] org.quartz.impl.StdSchedulerFactory      : Quartz scheduler 'quartzScheduler' initialized from an externally provided properties instance.
2025-01-08T11:33:30.723+05:30  INFO 17028 --- [restartedMain] org.quartz.impl.StdSchedulerFactory      : Quartz scheduler version: 2.3.2
2025-01-08T11:33:30.723+05:30  INFO 17028 --- [restartedMain] org.quartz.core.QuartzScheduler          : JobFactory set to: org.springframework.scheduling.quartz.SpringBeanJobFactory@288737b1
2025-01-08T11:33:31.309+05:30  INFO 17028 --- [restartedMain] o.s.b.d.a.OptionalLiveReloadServer       : LiveReload server is running on port 35729
2025-01-08T11:33:31.320+05:30  INFO 17028 --- [restartedMain] o.s.b.a.e.web.EndpointLinksResolver      : Exposing 1 endpoint(s) beneath base path '/actuator'
2025-01-08T11:33:31.367+05:30  INFO 17028 --- [restartedMain] o.s.b.w.embedded.tomcat.TomcatWebServer  : Tomcat started on port 8080 (http) with context path ''
2025-01-08T11:33:31.369+05:30  INFO 17028 --- [restartedMain] o.s.s.quartz.SchedulerFactoryBean        : Starting Quartz Scheduler now
2025-01-08T11:33:31.369+05:30  INFO 17028 --- [restartedMain] org.quartz.core.QuartzScheduler          : Scheduler quartzScheduler_$_NON_CLUSTERED started.
2025-01-08T11:33:31.381+05:30  INFO 17028 --- [restartedMain] com.neo.ProductApplication               : Started ProductApplication in 4.315 seconds (process running for 1510.064)
2025-01-08T11:33:31.386+05:30  INFO 17028 --- [restartedMain] .ConditionEvaluationDeltaLoggingListener : Condition evaluation unchanged
2025-01-08T11:33:32.743+05:30  INFO 17028 --- [File Watcher] rtingClassPathChangeChangedEventListener : Restarting due to 1 class path change (0 additions, 0 deletions, 1 modification)
2025-01-08T11:33:32.747+05:30  INFO 17028 --- [Thread-39] org.quartz.core.QuartzScheduler          : Scheduler quartzScheduler_$_NON_CLUSTERED paused.
2025-01-08T11:33:32.770+05:30  INFO 17028 --- [Thread-39] o.s.s.quartz.SchedulerFactoryBean        : Shutting down Quartz Scheduler
2025-01-08T11:33:32.770+05:30  INFO 17028 --- [Thread-39] org.quartz.core.QuartzScheduler          : Scheduler quartzScheduler_$_NON_CLUSTERED shutting down.
2025-01-08T11:33:32.770+05:30  INFO 17028 --- [Thread-39] org.quartz.core.QuartzScheduler          : Scheduler quartzScheduler_$_NON_CLUSTERED paused.
2025-01-08T11:33:32.770+05:30  INFO 17028 --- [Thread-39] org.quartz.core.QuartzScheduler          : Scheduler quartzScheduler_$_NON_CLUSTERED shutdown complete.
2025-01-08T11:33:32.771+05:30  INFO 17028 --- [Thread-39] j.LocalContainerEntityManagerFactoryBean : Closing JPA EntityManagerFactory for persistence unit 'default'
2025-01-08T11:33:32.772+05:30  INFO 17028 --- [Thread-39] com.zaxxer.hikari.HikariDataSource       : HikariPool-10 - Shutdown initiated...
2025-01-08T11:33:32.779+05:30  INFO 17028 --- [Thread-39] com.zaxxer.hikari.HikariDataSource       : HikariPool-10 - Shutdown completed.
2025-01-08T11:33:32.927+05:30  INFO 17028 --- [restartedMain] com.neo.ProductApplication               : Starting ProductApplication using Java 17.0.10 with PID 17028 (C:\Users\Neosoft\Desktop\BusyBees\Category-Product-Review\target\classes started by Neosoft in C:\Users\Neosoft\Desktop\BusyBees\Category-Product-Review)
2025-01-08T11:33:32.927+05:30  INFO 17028 --- [restartedMain] com.neo.ProductApplication               : No active profile set, falling back to 1 default profile: "default"
2025-01-08T11:33:33.361+05:30  INFO 17028 --- [restartedMain] .s.d.r.c.RepositoryConfigurationDelegate : Bootstrapping Spring Data JPA repositories in DEFAULT mode.
2025-01-08T11:33:33.373+05:30  INFO 17028 --- [restartedMain] .s.d.r.c.RepositoryConfigurationDelegate : Finished Spring Data repository scanning in 12 ms. Found 2 JPA repository interfaces.
2025-01-08T11:33:33.585+05:30  INFO 17028 --- [restartedMain] o.s.b.w.embedded.tomcat.TomcatWebServer  : Tomcat initialized with port 8080 (http)
2025-01-08T11:33:33.585+05:30  INFO 17028 --- [restartedMain] o.apache.catalina.core.StandardService   : Starting service [Tomcat]
2025-01-08T11:33:33.585+05:30  INFO 17028 --- [restartedMain] o.apache.catalina.core.StandardEngine    : Starting Servlet engine: [Apache Tomcat/10.1.16]
2025-01-08T11:33:33.609+05:30  INFO 17028 --- [restartedMain] o.a.c.c.C.[Tomcat].[localhost].[/]       : Initializing Spring embedded WebApplicationContext
2025-01-08T11:33:33.610+05:30  INFO 17028 --- [restartedMain] w.s.c.ServletWebServerApplicationContext : Root WebApplicationContext: initialization completed in 680 ms
2025-01-08T11:33:33.710+05:30  INFO 17028 --- [restartedMain] com.zaxxer.hikari.HikariDataSource       : HikariPool-11 - Starting...
2025-01-08T11:33:33.755+05:30  INFO 17028 --- [restartedMain] com.zaxxer.hikari.pool.HikariPool        : HikariPool-11 - Added connection org.postgresql.jdbc.PgConnection@c68c145
2025-01-08T11:33:33.755+05:30  INFO 17028 --- [restartedMain] com.zaxxer.hikari.HikariDataSource       : HikariPool-11 - Start completed.
2025-01-08T11:33:33.755+05:30  INFO 17028 --- [restartedMain] o.s.b.a.h2.H2ConsoleAutoConfiguration    : H2 console available at '/h2-console'. Database available at 'jdbc:postgresql://localhost:5432/Category-Products-Reviews'
2025-01-08T11:33:33.863+05:30  INFO 17028 --- [restartedMain] o.hibernate.jpa.internal.util.LogHelper  : HHH000204: Processing PersistenceUnitInfo [name: default]
2025-01-08T11:33:33.874+05:30  INFO 17028 --- [restartedMain] o.h.c.internal.RegionFactoryInitiator    : HHH000026: Second-level cache disabled
2025-01-08T11:33:33.883+05:30  INFO 17028 --- [restartedMain] o.s.o.j.p.SpringPersistenceUnitInfo      : No LoadTimeWeaver setup: ignoring JPA class transformer
2025-01-08T11:33:33.896+05:30  WARN 17028 --- [restartedMain] org.hibernate.orm.deprecation            : HHH90000025: PostgreSQLDialect does not need to be specified explicitly using 'hibernate.dialect' (remove the property setting and it will be selected by default)
2025-01-08T11:33:33.985+05:30  INFO 17028 --- [restartedMain] o.h.e.t.j.p.i.JtaPlatformInitiator       : HHH000489: No JTA platform available (set 'hibernate.transaction.jta.platform' to enable JTA platform integration)
2025-01-08T11:33:34.074+05:30  INFO 17028 --- [restartedMain] j.LocalContainerEntityManagerFactoryBean : Initialized JPA EntityManagerFactory for persistence unit 'default'
2025-01-08T11:33:34.526+05:30  WARN 17028 --- [restartedMain] JpaBaseConfiguration$JpaWebConfiguration : spring.jpa.open-in-view is enabled by default. Therefore, database queries may be performed during view rendering. Explicitly configure spring.jpa.open-in-view to disable this warning
2025-01-08T11:33:35.858+05:30  INFO 17028 --- [restartedMain] org.quartz.impl.StdSchedulerFactory      : Using default implementation for ThreadExecutor
2025-01-08T11:33:35.859+05:30  INFO 17028 --- [restartedMain] org.quartz.core.SchedulerSignalerImpl    : Initialized Scheduler Signaller of type: class org.quartz.core.SchedulerSignalerImpl
2025-01-08T11:33:35.859+05:30  INFO 17028 --- [restartedMain] org.quartz.core.QuartzScheduler          : Quartz Scheduler v.2.3.2 created.
2025-01-08T11:33:35.859+05:30  INFO 17028 --- [restartedMain] org.quartz.simpl.RAMJobStore             : RAMJobStore initialized.
2025-01-08T11:33:35.860+05:30  INFO 17028 --- [restartedMain] org.quartz.core.QuartzScheduler          : Scheduler meta-data: Quartz Scheduler (v2.3.2) 'quartzScheduler' with instanceId 'NON_CLUSTERED'
  Scheduler class: 'org.quartz.core.QuartzScheduler' - running locally.
  NOT STARTED.
  Currently in standby mode.
  Number of jobs executed: 0
  Using thread pool 'org.quartz.simpl.SimpleThreadPool' - with 10 threads.
  Using job-store 'org.quartz.simpl.RAMJobStore' - which does not support persistence. and is not clustered.

2025-01-08T11:33:35.860+05:30  INFO 17028 --- [restartedMain] org.quartz.impl.StdSchedulerFactory      : Quartz scheduler 'quartzScheduler' initialized from an externally provided properties instance.
2025-01-08T11:33:35.860+05:30  INFO 17028 --- [restartedMain] org.quartz.impl.StdSchedulerFactory      : Quartz scheduler version: 2.3.2
2025-01-08T11:33:35.860+05:30  INFO 17028 --- [restartedMain] org.quartz.core.QuartzScheduler          : JobFactory set to: org.springframework.scheduling.quartz.SpringBeanJobFactory@1b93314a
2025-01-08T11:33:36.207+05:30  INFO 17028 --- [restartedMain] o.s.b.d.a.OptionalLiveReloadServer       : LiveReload server is running on port 35729
2025-01-08T11:33:36.218+05:30  INFO 17028 --- [restartedMain] o.s.b.a.e.web.EndpointLinksResolver      : Exposing 1 endpoint(s) beneath base path '/actuator'
2025-01-08T11:33:36.260+05:30  INFO 17028 --- [restartedMain] o.s.b.w.embedded.tomcat.TomcatWebServer  : Tomcat started on port 8080 (http) with context path ''
2025-01-08T11:33:36.261+05:30  INFO 17028 --- [restartedMain] o.s.s.quartz.SchedulerFactoryBean        : Starting Quartz Scheduler now
2025-01-08T11:33:36.261+05:30  INFO 17028 --- [restartedMain] org.quartz.core.QuartzScheduler          : Scheduler quartzScheduler_$_NON_CLUSTERED started.
2025-01-08T11:33:36.273+05:30  INFO 17028 --- [restartedMain] com.neo.ProductApplication               : Started ProductApplication in 3.381 seconds (process running for 1514.957)
2025-01-08T11:33:36.277+05:30  INFO 17028 --- [restartedMain] .ConditionEvaluationDeltaLoggingListener : Condition evaluation unchanged
